Log file open, 03/13/26 20:04:28
LogWindows: Failed to load 'aqProf.dll' (GetLastError=126)
LogWindows: File 'aqProf.dll' does not exist
LogWindows: Failed to load 'VtuneApi.dll' (GetLastError=126)
LogWindows: File 'VtuneApi.dll' does not exist
LogWindows: Failed to load 'VtuneApi32e.dll' (GetLastError=126)
LogWindows: File 'VtuneApi32e.dll' does not exist
LogConsoleResponse: Display: Failed to find resolution value strings in scalability ini. Falling back to default.
LogConsoleResponse: Display: Failed to find resolution value strings in scalability ini. Falling back to default.
LogPakFile: Display: Found Pak file ../../../NinjaRunV4/Content/Paks/NinjaRunV4-WindowsNoEditor.pak attempting to mount.
LogPakFile: Display: Mounting pak file ../../../NinjaRunV4/Content/Paks/NinjaRunV4-WindowsNoEditor.pak.
LogPakFile: PakFile PrimaryIndexSize=70946
LogPakFile: PakFile PathHashIndexSize=68091
LogPakFile: PakFile FullDirectoryIndexSize=115750
LogShaderLibrary: Display: ShaderCodeLibraryPakFileMountedCallback: PakFile '../../../NinjaRunV4/Content/Paks/NinjaRunV4-WindowsNoEditor.pak' (chunk index -1, root '../../../') mounted
LogShaderLibrary: Display: ShaderCodeLibraryPakFileMountedCallback: pending pak file info (ChunkID:-1 Root:../../../ File:../../../NinjaRunV4/Content/Paks/NinjaRunV4-WindowsNoEditor.pak)
LogPakFile: OnPakFileMounted2Time == 0.001529
LogPlatformFile: Not using cached read wrapper
LogTaskGraph: Started task graph with 5 named threads and 11 total threads with 3 sets of task threads.
LogStats: Stats thread started at 0.770990
LogICUInternationalization: ICU TimeZone Detection - Raw Offset: +2:00, Platform Override: ''
LogInit: Display: Loading text-based GConfig....
LogPluginManager: Mounting plugin Paper2D
LogPluginManager: Mounting plugin AISupport
LogPluginManager: Mounting plugin EnvironmentQueryEditor
LogPluginManager: Mounting plugin LightPropagationVolume
LogPluginManager: Mounting plugin CameraShakePreviewer
LogPluginManager: Mounting plugin GameplayCameras
LogPluginManager: Mounting plugin TemplateSequence
LogPluginManager: Mounting plugin LevelSequenceEditor
LogPluginManager: Mounting plugin OodleData
LogPluginManager: Mounting plugin OodleNetwork
LogPluginManager: Mounting plugin AnimationSharing
LogPluginManager: Mounting plugin SignificanceManager
LogPluginManager: Mounting plugin PixWinPlugin
LogPluginManager: Mounting plugin PluginUtils
LogPluginManager: Mounting plugin PropertyAccessEditor
LogPluginManager: Mounting plugin UObjectPlugin
LogPluginManager: Mounting plugin AssetManagerEditor
LogPluginManager: Mounting plugin FacialAnimation
LogPluginManager: Mounting plugin GeometryMode
LogPluginManager: Mounting plugin SpeedTreeImporter
LogPluginManager: Mounting plugin DatasmithContent
LogPluginManager: Mounting plugin VariantManagerContent
LogPluginManager: Mounting plugin AlembicImporter
LogPluginManager: Mounting plugin GeometryCache
LogPluginManager: Mounting plugin AutomationUtils
LogPluginManager: Mounting plugin ScreenshotTools
LogPluginManager: Mounting plugin BackChannel
LogPluginManager: Mounting plugin ChaosClothEditor
LogPluginManager: Mounting plugin ChaosCloth
LogPluginManager: Mounting plugin ChaosEditor
LogPluginManager: Mounting plugin PlanarCut
LogPluginManager: Mounting plugin GeometryProcessing
LogPluginManager: Mounting plugin EditableMesh
LogPluginManager: Mounting plugin GeometryCollectionPlugin
LogPluginManager: Mounting plugin ProceduralMeshComponent
LogPluginManager: Mounting plugin ChaosSolverPlugin
LogPluginManager: Mounting plugin ChaosNiagara
LogPluginManager: Mounting plugin Niagara
LogPluginManager: Mounting plugin PythonScriptPlugin
LogPluginManager: Mounting plugin CharacterAI
LogPluginManager: Mounting plugin MotoSynth
LogPluginManager: Mounting plugin OpenImageDenoise
LogPluginManager: Mounting plugin PlatformCrypto
LogPluginManager: Mounting plugin MagicLeapPassableWorld
LogPluginManager: Mounting plugin MagicLeap
LogPluginManager: Mounting plugin MLSDK
LogPluginManager: Mounting plugin MagicLeapLightEstimation
LogPluginManager: Mounting plugin AvfMedia
LogPluginManager: Mounting plugin ImgMedia
LogPluginManager: Mounting plugin MediaCompositing
LogPluginManager: Mounting plugin WmfMedia
LogPluginManager: Mounting plugin MeshPainting
LogPluginManager: Mounting plugin TcpMessaging
LogPluginManager: Mounting plugin UdpMessaging
LogPluginManager: Mounting plugin ActorSequence
LogPluginManager: Mounting plugin MatineeToLevelSequence
LogPluginManager: Mounting plugin OnlineSubsystemNull
LogPluginManager: Mounting plugin OnlineSubsystem
LogPluginManager: Mounting plugin OnlineSubsystemUtils
LogPluginManager: Mounting plugin LauncherChunkInstaller
LogPluginManager: Mounting plugin ActorLayerUtilities
LogPluginManager: Mounting plugin AndroidPermission
LogPluginManager: Mounting plugin AppleImageUtils
LogPluginManager: Mounting plugin ArchVisCharacter
LogPluginManager: Mounting plugin AssetTags
LogPluginManager: Mounting plugin AudioCapture
LogPluginManager: Mounting plugin CableComponent
LogPluginManager: Mounting plugin ChunkDownloader
LogPluginManager: Mounting plugin CustomMeshComponent
LogPluginManager: Mounting plugin ExampleDeviceProfileSelector
LogPluginManager: Mounting plugin GooglePAD
LogPluginManager: Mounting plugin LocationServicesBPLibrary
LogPluginManager: Mounting plugin MobilePatchingUtils
LogPluginManager: Mounting plugin OculusVR
LogPluginManager: Mounting plugin OpenXREyeTracker
LogPluginManager: Mounting plugin OpenXR
LogPluginManager: Mounting plugin OpenXRHandTracking
LogPluginManager: Mounting plugin LiveLink
LogPluginManager: Mounting plugin Takes
LogPluginManager: Mounting plugin PhysXVehicles
LogPluginManager: Mounting plugin RuntimePhysXCooking
LogPluginManager: Mounting plugin SoundFields
LogPluginManager: Mounting plugin SteamVR
LogPluginManager: Mounting plugin Synthesis
LogPluginManager: Mounting plugin AudioSynesthesia
LogPluginManager: Mounting plugin WebMMoviePlayer
LogPluginManager: Mounting plugin WebMMedia
LogPluginManager: Mounting plugin WindowsMoviePlayer
PixWinPlugin: PIX capture plugin failed to initialize! Check that the process is launched from PIX.
LogLuminAPIImpl: Warning: MLSDK not found.  This likely means the MLSDK environment variable is not set.
LogInit: Using libcurl 7.55.1-DEV
LogInit:  - built for x86_64-pc-win32
LogInit:  - supports SSL with OpenSSL/1.1.1
LogInit:  - supports HTTP deflate (compression) using libz 1.2.8
LogInit:  - other features:
LogInit:      CURL_VERSION_SSL
LogInit:      CURL_VERSION_LIBZ
LogInit:      CURL_VERSION_IPV6
LogInit:      CURL_VERSION_ASYNCHDNS
LogInit:      CURL_VERSION_LARGEFILE
LogInit:      CURL_VERSION_IDN
LogInit:  CurlRequestOptions (configurable via config and command line):
LogInit:  - bVerifyPeer = true  - Libcurl will verify peer certificate
LogInit:  - bUseHttpProxy = false  - Libcurl will NOT use HTTP proxy
LogInit:  - bDontReuseConnections = false  - Libcurl will reuse connections
LogInit:  - MaxHostConnections = 16  - Libcurl will limit the number of connections to a host
LogInit:  - LocalHostAddr = Default
LogInit:  - BufferSize = 65536
LogOnline: OSS: Creating online subsystem instance for: NULL
LogInit: WinSock: version 1.1 (2.2), MaxSocks=32767, MaxUdp=65467
LogOnline: OSS: TryLoadSubsystemAndSetDefault: Loaded subsystem for module [NULL]
LogOculusPluginWrapper: OculusPlugin initialized successfully
LogHMD: Failed initializing OVRPlugin 1.59.0
LogInit: Build: ++UE4+Release-4.27-CL-18319896
LogInit: Engine Version: 4.27.2-18319896+++UE4+Release-4.27
LogInit: Compatible Engine Version: 4.27.0-17155196+++UE4+Release-4.27
LogInit: Net CL: 17155196
LogInit: OS: Windows 10 (Release 2009) (), CPU: Intel(R) Core(TM) i5-6300U CPU @ 2.40GHz, GPU: Intel(R) HD Graphics 520
LogInit: Compiled (64-bit): Nov 30 2021 07:26:28
LogInit: Compiled with Visual C++: 19.16.27032.01
LogInit: Build Configuration: Development
LogInit: Branch Name: ++UE4+Release-4.27
LogInit: Command Line: 
LogInit: Base Directory: C:/Users/AkayG/Desktop/NinjaRunV4/WindowsNoEditor/NinjaRunV4/Binaries/Win64/
LogInit: Allocator: binned2
LogInit: Installed Engine Build: 0
LogDevObjectVersion: Number of dev versions registered: 29
LogDevObjectVersion:   Dev-Blueprints (B0D832E4-1F89-4F0D-ACCF-7EB736FD4AA2): 10
LogDevObjectVersion:   Dev-Build (E1C64328-A22C-4D53-A36C-8E866417BD8C): 0
LogDevObjectVersion:   Dev-Core (375EC13C-06E4-48FB-B500-84F0262A717E): 4
LogDevObjectVersion:   Dev-Editor (E4B068ED-F494-42E9-A231-DA0B2E46BB41): 40
LogDevObjectVersion:   Dev-Framework (CFFC743F-43B0-4480-9391-14DF171D2073): 37
LogDevObjectVersion:   Dev-Mobile (B02B49B5-BB20-44E9-A304-32B752E40360): 3
LogDevObjectVersion:   Dev-Networking (A4E4105C-59A1-49B5-A7C5-40C4547EDFEE): 0
LogDevObjectVersion:   Dev-Online (39C831C9-5AE6-47DC-9A44-9C173E1C8E7C): 0
LogDevObjectVersion:   Dev-Physics (78F01B33-EBEA-4F98-B9B4-84EACCB95AA2): 14
LogDevObjectVersion:   Dev-Platform (6631380F-2D4D-43E0-8009-CF276956A95A): 0
LogDevObjectVersion:   Dev-Rendering (12F88B9F-8875-4AFC-A67C-D90C383ABD29): 45
LogDevObjectVersion:   Dev-Sequencer (7B5AE74C-D270-4C10-A958-57980B212A5A): 13
LogDevObjectVersion:   Dev-VR (D7296918-1DD6-4BDD-9DE2-64A83CC13884): 3
LogDevObjectVersion:   Dev-LoadTimes (C2A15278-BFE7-4AFE-6C17-90FF531DF755): 1
LogDevObjectVersion:   Private-Geometry (6EACA3D4-40EC-4CC1-B786-8BED09428FC5): 3
LogDevObjectVersion:   Dev-AnimPhys (29E575DD-E0A3-4627-9D10-D276232CDCEA): 17
LogDevObjectVersion:   Dev-Anim (AF43A65D-7FD3-4947-9873-3E8ED9C1BB05): 15
LogDevObjectVersion:   Dev-ReflectionCapture (6B266CEC-1EC7-4B8F-A30B-E4D90942FC07): 1
LogDevObjectVersion:   Dev-Automation (0DF73D61-A23F-47EA-B727-89E90C41499A): 1
LogDevObjectVersion:   FortniteMain (601D1886-AC64-4F84-AA16-D3DE0DEAC7D6): 47
LogDevObjectVersion:   FortniteRelease (E7086368-6B23-4C58-8439-1B7016265E91): 1
LogDevObjectVersion:   Dev-Enterprise (9DFFBCD6-494F-0158-E221-12823C92A888): 10
LogDevObjectVersion:   Dev-Niagara (F2AED0AC-9AFE-416F-8664-AA7FFA26D6FC): 1
LogDevObjectVersion:   Dev-Destruction (174F1F0B-B4C6-45A5-B13F-2EE8D0FB917D): 10
LogDevObjectVersion:   Dev-Physics-Ext (35F94A83-E258-406C-A318-09F59610247C): 41
LogDevObjectVersion:   Dev-PhysicsMaterial-Chaos (B68FC16E-8B1B-42E2-B453-215C058844FE): 1
LogDevObjectVersion:   Dev-CineCamera (B2E18506-4273-CFC2-A54E-F4BB758BBA07): 1
LogDevObjectVersion:   Dev-VirtualProduction (64F58936-FD1B-42BA-BA96-7289D5D0FA4E): 1
LogDevObjectVersion:   Dev-MediaFramework (6F0ED827-A609-4895-9C91-998D90180EA4): 2
LogInit: Presizing for max 2097152 objects, including 1 objects not considered by GC, pre-allocating 0 bytes for permanent pool.
LogConfig: Applying CVar settings from Section [/Script/Engine.StreamingSettings] File [../../../NinjaRunV4/Saved/Config/WindowsNoEditor/Engine.ini]
LogConfig: Setting CVar [[s.MinBulkDataSizeForAsyncLoading:131072]]
LogConfig: Setting CVar [[s.AsyncLoadingThreadEnabled:0]]
LogConfig: Setting CVar [[s.EventDrivenLoaderEnabled:1]]
LogConfig: Setting CVar [[s.WarnIfTimeLimitExceeded:0]]
LogConfig: Setting CVar [[s.TimeLimitExceededMultiplier:1.5]]
LogConfig: Setting CVar [[s.TimeLimitExceededMinTime:0.005]]
LogConfig: Setting CVar [[s.UseBackgroundLevelStreaming:1]]
LogConfig: Setting CVar [[s.PriorityAsyncLoadingExtraTime:15.0]]
LogConfig: Setting CVar [[s.LevelStreamingActorsUpdateTimeLimit:5.0]]
LogConfig: Setting CVar [[s.PriorityLevelStreamingActorsUpdateExtraTime:5.0]]
LogConfig: Setting CVar [[s.LevelStreamingComponentsRegistrationGranularity:10]]
LogConfig: Setting CVar [[s.UnregisterComponentsTimeLimit:1.0]]
LogConfig: Setting CVar [[s.LevelStreamingComponentsUnregistrationGranularity:5]]
LogConfig: Setting CVar [[s.FlushStreamingOnExit:1]]
LogStreaming: Display: Async Loading initialized: Event Driven Loader: true, Async Loading Thread: false, Async Post Load: true
LogInit: Object subsystem initialized
LogConfig: Setting CVar [[con.DebugEarlyDefault:1]]
LogConfig: Setting CVar [[r.setres:1280x720]]
LogConfig: Setting CVar [[fx.NiagaraAllowRuntimeScalabilityChanges:1]]
[2026.03.13-18.04.29:390][  0]LogConfig: Setting CVar [[con.DebugEarlyDefault:1]]
[2026.03.13-18.04.29:390][  0]LogConfig: Setting CVar [[r.setres:1280x720]]
[2026.03.13-18.04.29:390][  0]LogConfig: Setting CVar [[fx.NiagaraAllowRuntimeScalabilityChanges:1]]
[2026.03.13-18.04.29:391][  0]LogConfig: Applying CVar settings from Section [/Script/Engine.RendererSettings] File [../../../NinjaRunV4/Saved/Config/WindowsNoEditor/Engine.ini]
[2026.03.13-18.04.29:391][  0]LogConfig: Setting CVar [[r.GPUCrashDebugging:0]]
[2026.03.13-18.04.29:391][  0]LogConfig: Setting CVar [[r.Mobile.DisableVertexFog:1]]
[2026.03.13-18.04.29:391][  0]LogConfig: Setting CVar [[r.Shadow.CSM.MaxMobileCascades:2]]
[2026.03.13-18.04.29:391][  0]LogConfig: Setting CVar [[r.MobileMSAA:1]]
[2026.03.13-18.04.29:391][  0]LogConfig: Setting CVar [[r.Mobile.AllowDitheredLODTransition:0]]
[2026.03.13-18.04.29:391][  0]LogConfig: Setting CVar [[r.Mobile.AllowSoftwareOcclusion:0]]
[2026.03.13-18.04.29:392][  0]LogConfig: Setting CVar [[r.Mobile.VirtualTextures:0]]
[2026.03.13-18.04.29:392][  0]LogConfig: Setting CVar [[r.DiscardUnusedQuality:0]]
[2026.03.13-18.04.29:392][  0]LogConfig: Setting CVar [[r.AllowOcclusionQueries:1]]
[2026.03.13-18.04.29:392][  0]LogConfig: Setting CVar [[r.MinScreenRadiusForLights:0.030000]]
[2026.03.13-18.04.29:392][  0]LogConfig: Setting CVar [[r.MinScreenRadiusForDepthPrepass:0.030000]]
[2026.03.13-18.04.29:392][  0]LogConfig: Setting CVar [[r.MinScreenRadiusForCSMDepth:0.010000]]
[2026.03.13-18.04.29:392][  0]LogConfig: Setting CVar [[r.PrecomputedVisibilityWarning:0]]
[2026.03.13-18.04.29:392][  0]LogConfig: Setting CVar [[r.TextureStreaming:1]]
[2026.03.13-18.04.29:392][  0]LogConfig: Setting CVar [[Compat.UseDXT5NormalMaps:0]]
[2026.03.13-18.04.29:392][  0]LogConfig: Setting CVar [[r.VirtualTextures:0]]
[2026.03.13-18.04.29:392][  0]LogConfig: Setting CVar [[r.VT.EnableAutoImport:1]]
[2026.03.13-18.04.29:392][  0]LogConfig: Setting CVar [[r.VirtualTexturedLightmaps:0]]
[2026.03.13-18.04.29:392][  0]LogConfig: Setting CVar [[r.VT.TileSize:128]]
[2026.03.13-18.04.29:392][  0]LogConfig: Setting CVar [[r.VT.TileBorderSize:4]]
[2026.03.13-18.04.29:392][  0]LogConfig: Setting CVar [[r.vt.FeedbackFactor:16]]
[2026.03.13-18.04.29:392][  0]LogConfig: Setting CVar [[r.VT.EnableCompressZlib:1]]
[2026.03.13-18.04.29:392][  0]LogConfig: Setting CVar [[r.VT.EnableCompressCrunch:0]]
[2026.03.13-18.04.29:392][  0]LogConfig: Setting CVar [[r.ClearCoatNormal:0]]
[2026.03.13-18.04.29:392][  0]LogConfig: Setting CVar [[r.ReflectionCaptureResolution:128]]
[2026.03.13-18.04.29:392][  0]LogConfig: Setting CVar [[r.Mobile.ReflectionCaptureCompression:0]]
[2026.03.13-18.04.29:392][  0]LogConfig: Setting CVar [[r.ReflectionEnvironmentLightmapMixBasedOnRoughness:1]]
[2026.03.13-18.04.29:394][  0]LogConfig: Setting CVar [[r.ForwardShading:0]]
[2026.03.13-18.04.29:394][  0]LogConfig: Setting CVar [[r.VertexFoggingForOpaque:1]]
[2026.03.13-18.04.29:394][  0]LogConfig: Setting CVar [[r.AllowStaticLighting:1]]
[2026.03.13-18.04.29:394][  0]LogConfig: Setting CVar [[r.NormalMapsForStaticLighting:0]]
[2026.03.13-18.04.29:394][  0]LogConfig: Setting CVar [[r.GenerateMeshDistanceFields:0]]
[2026.03.13-18.04.29:394][  0]LogConfig: Setting CVar [[r.DistanceFieldBuild.EightBit:0]]
[2026.03.13-18.04.29:394][  0]LogConfig: Setting CVar [[r.GenerateLandscapeGIData:0]]
[2026.03.13-18.04.29:394][  0]LogConfig: Setting CVar [[r.DistanceFieldBuild.Compress:0]]
[2026.03.13-18.04.29:394][  0]LogConfig: Setting CVar [[r.TessellationAdaptivePixelsPerTriangle:48.000000]]
[2026.03.13-18.04.29:394][  0]LogConfig: Setting CVar [[r.SeparateTranslucency:1]]
[2026.03.13-18.04.29:394][  0]LogConfig: Setting CVar [[r.TranslucentSortPolicy:0]]
[2026.03.13-18.04.29:394][  0]LogConfig: Setting CVar [[vr.VRS.HMDFixedFoveationLevel:0]]
[2026.03.13-18.04.29:394][  0]LogConfig: Setting CVar [[r.CustomDepth:1]]
[2026.03.13-18.04.29:395][  0]LogConfig: Setting CVar [[r.CustomDepthTemporalAAJitter:1]]
[2026.03.13-18.04.29:395][  0]LogConfig: Setting CVar [[r.PostProcessing.PropagateAlpha:0]]
[2026.03.13-18.04.29:395][  0]LogConfig: Setting CVar [[r.DefaultFeature.Bloom:1]]
[2026.03.13-18.04.29:395][  0]LogConfig: Setting CVar [[r.DefaultFeature.AmbientOcclusion:1]]
[2026.03.13-18.04.29:395][  0]LogConfig: Setting CVar [[r.DefaultFeature.AmbientOcclusionStaticFraction:1]]
[2026.03.13-18.04.29:395][  0]LogConfig: Setting CVar [[r.DefaultFeature.AutoExposure:0]]
[2026.03.13-18.04.29:395][  0]LogConfig: Setting CVar [[r.DefaultFeature.AutoExposure.Method:0]]
[2026.03.13-18.04.29:395][  0]LogConfig: Setting CVar [[r.DefaultFeature.AutoExposure.Bias:1.000000]]
[2026.03.13-18.04.29:395][  0]LogConfig: Setting CVar [[r.DefaultFeature.AutoExposure.ExtendDefaultLuminanceRange:0]]
[2026.03.13-18.04.29:395][  0]LogConfig: Setting CVar [[r.UsePreExposure:1]]
[2026.03.13-18.04.29:395][  0]LogConfig: Setting CVar [[r.EyeAdaptation.EditorOnly:0]]
[2026.03.13-18.04.29:395][  0]LogConfig: Setting CVar [[r.DefaultFeature.MotionBlur:0]]
[2026.03.13-18.04.29:395][  0]LogConfig: Setting CVar [[r.DefaultFeature.LensFlare:0]]
[2026.03.13-18.04.29:395][  0]LogConfig: Setting CVar [[r.TemporalAA.Upsampling:0]]
[2026.03.13-18.04.29:395][  0]LogConfig: Setting CVar [[r.SSGI.Enable:0]]
[2026.03.13-18.04.29:395][  0]LogConfig: Setting CVar [[r.DefaultFeature.AntiAliasing:0]]
[2026.03.13-18.04.29:395][  0]LogConfig: Setting CVar [[r.DefaultFeature.LightUnits:1]]
[2026.03.13-18.04.29:395][  0]LogConfig: Setting CVar [[r.DefaultBackBufferPixelFormat:4]]
[2026.03.13-18.04.29:395][  0]LogConfig: Setting CVar [[r.Shadow.UnbuiltPreviewInGame:1]]
[2026.03.13-18.04.29:395][  0]LogConfig: Setting CVar [[r.StencilForLODDither:0]]
[2026.03.13-18.04.29:395][  0]LogConfig: Setting CVar [[r.EarlyZPass:3]]
[2026.03.13-18.04.29:400][  0]LogConfig: Setting CVar [[r.EarlyZPassOnlyMaterialMasking:0]]
[2026.03.13-18.04.29:401][  0]LogConfig: Setting CVar [[r.DBuffer:1]]
[2026.03.13-18.04.29:401][  0]LogConfig: Setting CVar [[r.ClearSceneMethod:1]]
[2026.03.13-18.04.29:401][  0]LogConfig: Setting CVar [[r.BasePassOutputsVelocity:0]]
[2026.03.13-18.04.29:401][  0]LogConfig: Setting CVar [[r.VertexDeformationOutputsVelocity:0]]
[2026.03.13-18.04.29:401][  0]LogConfig: Setting CVar [[r.SelectiveBasePassOutputs:0]]
[2026.03.13-18.04.29:401][  0]LogConfig: Setting CVar [[fx.GPUSimulationTextureSizeX:1024]]
[2026.03.13-18.04.29:401][  0]LogConfig: Setting CVar [[fx.GPUSimulationTextureSizeY:1024]]
[2026.03.13-18.04.29:401][  0]LogConfig: Setting CVar [[r.AllowGlobalClipPlane:0]]
[2026.03.13-18.04.29:401][  0]LogConfig: Setting CVar [[r.GBufferFormat:1]]
[2026.03.13-18.04.29:401][  0]LogConfig: Setting CVar [[r.MorphTarget.Mode:1]]
[2026.03.13-18.04.29:401][  0]LogConfig: Setting CVar [[vr.InstancedStereo:0]]
[2026.03.13-18.04.29:401][  0]LogConfig: Setting CVar [[r.MobileHDR:0]]
[2026.03.13-18.04.29:401][  0]LogConfig: Setting CVar [[vr.MobileMultiView:0]]
[2026.03.13-18.04.29:401][  0]LogConfig: Setting CVar [[r.Mobile.UseHWsRGBEncoding:0]]
[2026.03.13-18.04.29:402][  0]LogConfig: Setting CVar [[vr.RoundRobinOcclusion:0]]
[2026.03.13-18.04.29:402][  0]LogConfig: Setting CVar [[vr.ODSCapture:0]]
[2026.03.13-18.04.29:402][  0]LogConfig: Setting CVar [[r.MeshStreaming:0]]
[2026.03.13-18.04.29:402][  0]LogConfig: Setting CVar [[r.WireframeCullThreshold:5.000000]]
[2026.03.13-18.04.29:402][  0]LogConfig: Setting CVar [[r.RayTracing:0]]
[2026.03.13-18.04.29:402][  0]LogConfig: Setting CVar [[r.RayTracing.UseTextureLod:0]]
[2026.03.13-18.04.29:402][  0]LogConfig: Setting CVar [[r.SupportStationarySkylight:1]]
[2026.03.13-18.04.29:402][  0]LogConfig: Setting CVar [[r.SupportLowQualityLightmaps:1]]
[2026.03.13-18.04.29:402][  0]LogConfig: Setting CVar [[r.SupportPointLightWholeSceneShadows:1]]
[2026.03.13-18.04.29:402][  0]LogConfig: Setting CVar [[r.SupportAtmosphericFog:1]]
[2026.03.13-18.04.29:403][  0]LogConfig: Setting CVar [[r.SupportSkyAtmosphere:1]]
[2026.03.13-18.04.29:403][  0]LogConfig: Setting CVar [[r.SupportSkyAtmosphereAffectsHeightFog:0]]
[2026.03.13-18.04.29:403][  0]LogConfig: Setting CVar [[r.SkinCache.CompileShaders:0]]
[2026.03.13-18.04.29:403][  0]LogConfig: Setting CVar [[r.SkinCache.DefaultBehavior:1]]
[2026.03.13-18.04.29:403][  0]LogConfig: Setting CVar [[r.SkinCache.SceneMemoryLimitInMB:128.000000]]
[2026.03.13-18.04.29:403][  0]LogConfig: Setting CVar [[r.Mobile.EnableStaticAndCSMShadowReceivers:1]]
[2026.03.13-18.04.29:403][  0]LogConfig: Setting CVar [[r.Mobile.EnableMovableLightCSMShaderCulling:1]]
[2026.03.13-18.04.29:403][  0]LogConfig: Setting CVar [[r.Mobile.AllowDistanceFieldShadows:1]]
[2026.03.13-18.04.29:403][  0]LogConfig: Setting CVar [[r.Mobile.AllowMovableDirectionalLights:1]]
[2026.03.13-18.04.29:403][  0]LogConfig: Setting CVar [[r.MobileNumDynamicPointLights:4]]
[2026.03.13-18.04.29:403][  0]LogConfig: Setting CVar [[r.MobileDynamicPointLightsUseStaticBranch:1]]
[2026.03.13-18.04.29:403][  0]LogConfig: Setting CVar [[r.Mobile.EnableMovableSpotlights:0]]
[2026.03.13-18.04.29:404][  0]LogConfig: Setting CVar [[r.Mobile.EnableMovableSpotlightsShadow:0]]
[2026.03.13-18.04.29:404][  0]LogConfig: Setting CVar [[r.GPUSkin.Support16BitBoneIndex:0]]
[2026.03.13-18.04.29:404][  0]LogConfig: Setting CVar [[r.GPUSkin.Limit2BoneInfluences:0]]
[2026.03.13-18.04.29:404][  0]LogConfig: Setting CVar [[r.SupportDepthOnlyIndexBuffers:1]]
[2026.03.13-18.04.29:404][  0]LogConfig: Setting CVar [[r.SupportReversedIndexBuffers:1]]
[2026.03.13-18.04.29:404][  0]LogConfig: Setting CVar [[r.LightPropagationVolume:0]]
[2026.03.13-18.04.29:404][  0]LogConfig: Setting CVar [[r.Mobile.AmbientOcclusion:0]]
[2026.03.13-18.04.29:404][  0]LogConfig: Setting CVar [[r.GPUSkin.UnlimitedBoneInfluences:0]]
[2026.03.13-18.04.29:404][  0]LogConfig: Setting CVar [[r.GPUSkin.UnlimitedBoneInfluencesThreshold:8]]
[2026.03.13-18.04.29:404][  0]LogConfig: Setting CVar [[r.Mobile.PlanarReflectionMode:0]]
[2026.03.13-18.04.29:404][  0]LogConfig: Setting CVar [[r.Mobile.SupportsGen4TAA:0]]
[2026.03.13-18.04.29:404][  0]LogConfig: Applying CVar settings from Section [/Script/Engine.RendererOverrideSettings] File [../../../NinjaRunV4/Saved/Config/WindowsNoEditor/Engine.ini]
[2026.03.13-18.04.29:405][  0]LogConfig: Applying CVar settings from Section [/Script/Engine.StreamingSettings] File [../../../NinjaRunV4/Saved/Config/WindowsNoEditor/Engine.ini]
[2026.03.13-18.04.29:405][  0]LogConfig: Setting CVar [[s.MinBulkDataSizeForAsyncLoading:131072]]
[2026.03.13-18.04.29:405][  0]LogConfig: Setting CVar [[s.AsyncLoadingThreadEnabled:0]]
[2026.03.13-18.04.29:405][  0]LogConfig: Setting CVar [[s.EventDrivenLoaderEnabled:1]]
[2026.03.13-18.04.29:405][  0]LogConfig: Setting CVar [[s.WarnIfTimeLimitExceeded:0]]
[2026.03.13-18.04.29:405][  0]LogConfig: Setting CVar [[s.TimeLimitExceededMultiplier:1.5]]
[2026.03.13-18.04.29:405][  0]LogConfig: Setting CVar [[s.TimeLimitExceededMinTime:0.005]]
[2026.03.13-18.04.29:405][  0]LogConfig: Setting CVar [[s.UseBackgroundLevelStreaming:1]]
[2026.03.13-18.04.29:405][  0]LogConfig: Setting CVar [[s.PriorityAsyncLoadingExtraTime:15.0]]
[2026.03.13-18.04.29:405][  0]LogConfig: Setting CVar [[s.LevelStreamingActorsUpdateTimeLimit:5.0]]
[2026.03.13-18.04.29:405][  0]LogConfig: Setting CVar [[s.PriorityLevelStreamingActorsUpdateExtraTime:5.0]]
[2026.03.13-18.04.29:405][  0]LogConfig: Setting CVar [[s.LevelStreamingComponentsRegistrationGranularity:10]]
[2026.03.13-18.04.29:405][  0]LogConfig: Setting CVar [[s.UnregisterComponentsTimeLimit:1.0]]
[2026.03.13-18.04.29:405][  0]LogConfig: Setting CVar [[s.LevelStreamingComponentsUnregistrationGranularity:5]]
[2026.03.13-18.04.29:405][  0]LogConfig: Setting CVar [[s.FlushStreamingOnExit:1]]
[2026.03.13-18.04.29:405][  0]LogConfig: Applying CVar settings from Section [/Script/Engine.GarbageCollectionSettings] File [../../../NinjaRunV4/Saved/Config/WindowsNoEditor/Engine.ini]
[2026.03.13-18.04.29:405][  0]LogConfig: Setting CVar [[gc.MaxObjectsNotConsideredByGC:1]]
[2026.03.13-18.04.29:406][  0]LogConfig: Setting CVar [[gc.SizeOfPermanentObjectPool:0]]
[2026.03.13-18.04.29:406][  0]LogConfig: Setting CVar [[gc.FlushStreamingOnGC:0]]
[2026.03.13-18.04.29:406][  0]LogConfig: Setting CVar [[gc.NumRetriesBeforeForcingGC:10]]
[2026.03.13-18.04.29:406][  0]LogConfig: Setting CVar [[gc.AllowParallelGC:1]]
[2026.03.13-18.04.29:406][  0]LogConfig: Setting CVar [[gc.TimeBetweenPurgingPendingKillObjects:61.1]]
[2026.03.13-18.04.29:406][  0]LogConfig: Setting CVar [[gc.MaxObjectsInEditor:25165824]]
[2026.03.13-18.04.29:406][  0]LogConfig: Setting CVar [[gc.IncrementalBeginDestroyEnabled:1]]
[2026.03.13-18.04.29:406][  0]LogConfig: Setting CVar [[gc.CreateGCClusters:1]]
[2026.03.13-18.04.29:406][  0]LogConfig: Setting CVar [[gc.MinGCClusterSize:5]]
[2026.03.13-18.04.29:406][  0]LogConfig: Setting CVar [[gc.ActorClusteringEnabled:0]]
[2026.03.13-18.04.29:406][  0]LogConfig: Setting CVar [[gc.BlueprintClusteringEnabled:0]]
[2026.03.13-18.04.29:406][  0]LogConfig: Setting CVar [[gc.UseDisregardForGCOnDedicatedServers:0]]
[2026.03.13-18.04.29:406][  0]LogConfig: Setting CVar [[gc.MultithreadedDestructionEnabled:1]]
[2026.03.13-18.04.29:406][  0]LogConfig: Applying CVar settings from Section [/Script/Engine.NetworkSettings] File [../../../NinjaRunV4/Saved/Config/WindowsNoEditor/Engine.ini]
[2026.03.13-18.04.29:433][  0]LogConfig: Applying CVar settings from Section [ViewDistanceQuality@3] File [../../../NinjaRunV4/Saved/Config/WindowsNoEditor/Scalability.ini]
[2026.03.13-18.04.29:433][  0]LogConfig: Setting CVar [[r.SkeletalMeshLODBias:0]]
[2026.03.13-18.04.29:433][  0]LogConfig: Setting CVar [[r.ViewDistanceScale:1.0]]
[2026.03.13-18.04.29:433][  0]LogConfig: Applying CVar settings from Section [AntiAliasingQuality@3] File [../../../NinjaRunV4/Saved/Config/WindowsNoEditor/Scalability.ini]
[2026.03.13-18.04.29:433][  0]LogConfig: Setting CVar [[r.PostProcessAAQuality:4]]
[2026.03.13-18.04.29:433][  0]LogConfig: Applying CVar settings from Section [ShadowQuality@3] File [../../../NinjaRunV4/Saved/Config/WindowsNoEditor/Scalability.ini]
[2026.03.13-18.04.29:433][  0]LogConfig: Setting CVar [[r.LightFunctionQuality:1]]
[2026.03.13-18.04.29:433][  0]LogConfig: Setting CVar [[r.ShadowQuality:5]]
[2026.03.13-18.04.29:433][  0]LogConfig: Setting CVar [[r.Shadow.CSM.MaxCascades:10]]
[2026.03.13-18.04.29:433][  0]LogConfig: Setting CVar [[r.Shadow.MaxResolution:2048]]
[2026.03.13-18.04.29:433][  0]LogConfig: Setting CVar [[r.Shadow.MaxCSMResolution:2048]]
[2026.03.13-18.04.29:433][  0]LogConfig: Setting CVar [[r.Shadow.RadiusThreshold:0.01]]
[2026.03.13-18.04.29:433][  0]LogConfig: Setting CVar [[r.Shadow.DistanceScale:1.0]]
[2026.03.13-18.04.29:433][  0]LogConfig: Setting CVar [[r.Shadow.CSM.TransitionScale:1.0]]
[2026.03.13-18.04.29:433][  0]LogConfig: Setting CVar [[r.Shadow.PreShadowResolutionFactor:1.0]]
[2026.03.13-18.04.29:435][  0]LogConfig: Setting CVar [[r.DistanceFieldShadowing:1]]
[2026.03.13-18.04.29:435][  0]LogConfig: Setting CVar [[r.DistanceFieldAO:1]]
[2026.03.13-18.04.29:435][  0]LogConfig: Setting CVar [[r.AOQuality:2]]
[2026.03.13-18.04.29:435][  0]LogConfig: Setting CVar [[r.VolumetricFog:1]]
[2026.03.13-18.04.29:435][  0]LogConfig: Setting CVar [[r.VolumetricFog.GridPixelSize:8]]
[2026.03.13-18.04.29:435][  0]LogConfig: Setting CVar [[r.VolumetricFog.GridSizeZ:128]]
[2026.03.13-18.04.29:435][  0]LogConfig: Setting CVar [[r.VolumetricFog.HistoryMissSupersampleCount:4]]
[2026.03.13-18.04.29:435][  0]LogConfig: Setting CVar [[r.LightMaxDrawDistanceScale:1]]
[2026.03.13-18.04.29:435][  0]LogConfig: Setting CVar [[r.CapsuleShadows:1]]
[2026.03.13-18.04.29:435][  0]LogConfig: Applying CVar settings from Section [PostProcessQuality@3] File [../../../NinjaRunV4/Saved/Config/WindowsNoEditor/Scalability.ini]
[2026.03.13-18.04.29:435][  0]LogConfig: Setting CVar [[r.MotionBlurQuality:4]]
[2026.03.13-18.04.29:436][  0]LogConfig: Setting CVar [[r.AmbientOcclusionMipLevelFactor:0.4]]
[2026.03.13-18.04.29:436][  0]LogConfig: Setting CVar [[r.AmbientOcclusionMaxQuality:100]]
[2026.03.13-18.04.29:436][  0]LogConfig: Setting CVar [[r.AmbientOcclusionLevels:-1]]
[2026.03.13-18.04.29:436][  0]LogConfig: Setting CVar [[r.AmbientOcclusionRadiusScale:1.0]]
[2026.03.13-18.04.29:436][  0]LogConfig: Setting CVar [[r.DepthOfFieldQuality:2]]
[2026.03.13-18.04.29:436][  0]LogConfig: Setting CVar [[r.RenderTargetPoolMin:400]]
[2026.03.13-18.04.29:436][  0]LogConfig: Setting CVar [[r.LensFlareQuality:2]]
[2026.03.13-18.04.29:436][  0]LogConfig: Setting CVar [[r.SceneColorFringeQuality:1]]
[2026.03.13-18.04.29:436][  0]LogConfig: Setting CVar [[r.EyeAdaptationQuality:2]]
[2026.03.13-18.04.29:437][  0]LogConfig: Setting CVar [[r.BloomQuality:5]]
[2026.03.13-18.04.29:437][  0]LogConfig: Setting CVar [[r.FastBlurThreshold:100]]
[2026.03.13-18.04.29:437][  0]LogConfig: Setting CVar [[r.Upscale.Quality:3]]
[2026.03.13-18.04.29:437][  0]LogConfig: Setting CVar [[r.Tonemapper.GrainQuantization:1]]
[2026.03.13-18.04.29:437][  0]LogConfig: Setting CVar [[r.LightShaftQuality:1]]
[2026.03.13-18.04.29:437][  0]LogConfig: Setting CVar [[r.Filter.SizeScale:1]]
[2026.03.13-18.04.29:437][  0]LogConfig: Setting CVar [[r.Tonemapper.Quality:5]]
[2026.03.13-18.04.29:437][  0]LogConfig: Setting CVar [[r.DOF.Gather.AccumulatorQuality:1        ; higher gathering accumulator quality]]
[2026.03.13-18.04.29:437][  0]LogConfig: Setting CVar [[r.DOF.Gather.PostfilterMethod:1          ; Median3x3 postfilering method]]
[2026.03.13-18.04.29:437][  0]LogConfig: Setting CVar [[r.DOF.Gather.EnableBokehSettings:0       ; no bokeh simulation when gathering]]
[2026.03.13-18.04.29:437][  0]LogConfig: Setting CVar [[r.DOF.Gather.RingCount:4                 ; medium number of samples when gathering]]
[2026.03.13-18.04.29:437][  0]LogConfig: Setting CVar [[r.DOF.Scatter.ForegroundCompositing:1    ; additive foreground scattering]]
[2026.03.13-18.04.29:437][  0]LogConfig: Setting CVar [[r.DOF.Scatter.BackgroundCompositing:2    ; additive background scattering]]
[2026.03.13-18.04.29:437][  0]LogConfig: Setting CVar [[r.DOF.Scatter.EnableBokehSettings:1      ; bokeh simulation when scattering]]
[2026.03.13-18.04.29:438][  0]LogConfig: Setting CVar [[r.DOF.Scatter.MaxSpriteRatio:0.1         ; only a maximum of 10% of scattered bokeh]]
[2026.03.13-18.04.29:438][  0]LogConfig: Setting CVar [[r.DOF.Recombine.Quality:1                ; cheap slight out of focus]]
[2026.03.13-18.04.29:438][  0]LogConfig: Setting CVar [[r.DOF.Recombine.EnableBokehSettings:0    ; no bokeh simulation on slight out of focus]]
[2026.03.13-18.04.29:438][  0]LogConfig: Setting CVar [[r.DOF.TemporalAAQuality:1                ; more stable temporal accumulation]]
[2026.03.13-18.04.29:438][  0]LogConfig: Setting CVar [[r.DOF.Kernel.MaxForegroundRadius:0.025]]
[2026.03.13-18.04.29:438][  0]LogConfig: Setting CVar [[r.DOF.Kernel.MaxBackgroundRadius:0.025]]
[2026.03.13-18.04.29:438][  0]LogConfig: Applying CVar settings from Section [TextureQuality@3] File [../../../NinjaRunV4/Saved/Config/WindowsNoEditor/Scalability.ini]
[2026.03.13-18.04.29:438][  0]LogConfig: Setting CVar [[r.Streaming.MipBias:0]]
[2026.03.13-18.04.29:438][  0]LogConfig: Setting CVar [[r.Streaming.AmortizeCPUToGPUCopy:0]]
[2026.03.13-18.04.29:438][  0]LogConfig: Setting CVar [[r.Streaming.MaxNumTexturesToStreamPerFrame:0]]
[2026.03.13-18.04.29:438][  0]LogConfig: Setting CVar [[r.Streaming.Boost:1]]
[2026.03.13-18.04.29:438][  0]LogConfig: Setting CVar [[r.MaxAnisotropy:8]]
[2026.03.13-18.04.29:438][  0]LogConfig: Setting CVar [[r.VT.MaxAnisotropy:8]]
[2026.03.13-18.04.29:438][  0]LogConfig: Setting CVar [[r.Streaming.LimitPoolSizeToVRAM:0]]
[2026.03.13-18.04.29:438][  0]LogConfig: Setting CVar [[r.Streaming.PoolSize:1000]]
[2026.03.13-18.04.29:438][  0]LogConfig: Setting CVar [[r.Streaming.MaxEffectiveScreenSize:0]]
[2026.03.13-18.04.29:438][  0]LogConfig: Applying CVar settings from Section [EffectsQuality@3] File [../../../NinjaRunV4/Saved/Config/WindowsNoEditor/Scalability.ini]
[2026.03.13-18.04.29:438][  0]LogConfig: Setting CVar [[r.TranslucencyLightingVolumeDim:64]]
[2026.03.13-18.04.29:438][  0]LogConfig: Setting CVar [[r.RefractionQuality:2]]
[2026.03.13-18.04.29:438][  0]LogConfig: Setting CVar [[r.SSR.Quality:3]]
[2026.03.13-18.04.29:438][  0]LogConfig: Setting CVar [[r.SSR.HalfResSceneColor:0]]
[2026.03.13-18.04.29:438][  0]LogConfig: Setting CVar [[r.SceneColorFormat:4]]
[2026.03.13-18.04.29:438][  0]LogConfig: Setting CVar [[r.DetailMode:2]]
[2026.03.13-18.04.29:438][  0]LogConfig: Setting CVar [[r.TranslucencyVolumeBlur:1]]
[2026.03.13-18.04.29:438][  0]LogConfig: Setting CVar [[r.MaterialQualityLevel:1 ; High quality]]
[2026.03.13-18.04.29:438][  0]LogConfig: Setting CVar [[r.AnisotropicMaterials:1]]
[2026.03.13-18.04.29:438][  0]LogConfig: Setting CVar [[r.SSS.Scale:1]]
[2026.03.13-18.04.29:438][  0]LogConfig: Setting CVar [[r.SSS.SampleSet:2]]
[2026.03.13-18.04.29:438][  0]LogConfig: Setting CVar [[r.SSS.Quality:1]]
[2026.03.13-18.04.29:440][  0]LogConfig: Setting CVar [[r.SSS.HalfRes:0]]
[2026.03.13-18.04.29:440][  0]LogConfig: Setting CVar [[r.SSGI.Quality:3]]
[2026.03.13-18.04.29:440][  0]LogConfig: Setting CVar [[r.EmitterSpawnRateScale:1.0]]
[2026.03.13-18.04.29:440][  0]LogConfig: Setting CVar [[r.ParticleLightQuality:2]]
[2026.03.13-18.04.29:440][  0]LogConfig: Setting CVar [[r.SkyAtmosphere.AerialPerspectiveLUT.FastApplyOnOpaque:1 ; Always have FastSkyLUT 1 in this case to avoid wrong sky]]
[2026.03.13-18.04.29:440][  0]LogConfig: Setting CVar [[r.SkyAtmosphere.AerialPerspectiveLUT.SampleCountMaxPerSlice:4]]
[2026.03.13-18.04.29:440][  0]LogConfig: Setting CVar [[r.SkyAtmosphere.AerialPerspectiveLUT.DepthResolution:16.0]]
[2026.03.13-18.04.29:440][  0]LogConfig: Setting CVar [[r.SkyAtmosphere.FastSkyLUT:1]]
[2026.03.13-18.04.29:440][  0]LogConfig: Setting CVar [[r.SkyAtmosphere.FastSkyLUT.SampleCountMin:4.0]]
[2026.03.13-18.04.29:440][  0]LogConfig: Setting CVar [[r.SkyAtmosphere.FastSkyLUT.SampleCountMax:128.0]]
[2026.03.13-18.04.29:440][  0]LogConfig: Setting CVar [[r.SkyAtmosphere.SampleCountMin:4.0]]
[2026.03.13-18.04.29:440][  0]LogConfig: Setting CVar [[r.SkyAtmosphere.SampleCountMax:128.0]]
[2026.03.13-18.04.29:441][  0]LogConfig: Setting CVar [[r.SkyAtmosphere.TransmittanceLUT.UseSmallFormat:0]]
[2026.03.13-18.04.29:441][  0]LogConfig: Setting CVar [[r.SkyAtmosphere.TransmittanceLUT.SampleCount:10.0]]
[2026.03.13-18.04.29:441][  0]LogConfig: Setting CVar [[r.SkyAtmosphere.MultiScatteringLUT.SampleCount:15.0]]
[2026.03.13-18.04.29:441][  0]LogConfig: Setting CVar [[r.SkyLight.RealTimeReflectionCapture:1]]
[2026.03.13-18.04.29:441][  0]LogConfig: Setting CVar [[fx.Niagara.QualityLevel:3]]
[2026.03.13-18.04.29:441][  0]LogConfig: Applying CVar settings from Section [FoliageQuality@3] File [../../../NinjaRunV4/Saved/Config/WindowsNoEditor/Scalability.ini]
[2026.03.13-18.04.29:441][  0]LogConfig: Setting CVar [[foliage.DensityScale:1.0]]
[2026.03.13-18.04.29:441][  0]LogConfig: Setting CVar [[grass.DensityScale:1.0]]
[2026.03.13-18.04.29:441][  0]LogConfig: Applying CVar settings from Section [ShadingQuality@3] File [../../../NinjaRunV4/Saved/Config/WindowsNoEditor/Scalability.ini]
[2026.03.13-18.04.29:441][  0]LogConfig: Setting CVar [[r.HairStrands.SkyLighting.IntegrationType:2]]
[2026.03.13-18.04.29:441][  0]LogConfig: Setting CVar [[r.HairStrands.SkyAO.SampleCount:4]]
[2026.03.13-18.04.29:441][  0]LogConfig: Setting CVar [[r.HairStrands.Visibility.MSAA.SamplePerPixel:4]]
[2026.03.13-18.04.29:442][  0]LogInit: Selected Device Profile: [WindowsNoEditor]
[2026.03.13-18.04.29:442][  0]LogInit: Applying CVar settings loaded from the selected device profile: [WindowsNoEditor]
[2026.03.13-18.04.29:442][  0]LogHAL: Display: Platform has ~ 8 GB [8463482880 / 8589934592 / 8], which maps to Default [LargestMinGB=32, LargerMinGB=12, DefaultMinGB=8, SmallerMinGB=6, SmallestMinGB=0)
[2026.03.13-18.04.29:442][  0]LogInit: Going up to parent DeviceProfile [Windows]
[2026.03.13-18.04.29:442][  0]LogInit: Going up to parent DeviceProfile []
[2026.03.13-18.04.29:442][  0]LogConfig: Applying CVar settings from Section [ViewDistanceQuality@3] File [../../../NinjaRunV4/Saved/Config/WindowsNoEditor/Scalability.ini]
[2026.03.13-18.04.29:442][  0]LogConfig: Setting CVar [[r.SkeletalMeshLODBias:0]]
[2026.03.13-18.04.29:442][  0]LogConfig: Setting CVar [[r.ViewDistanceScale:1.0]]
[2026.03.13-18.04.29:442][  0]LogConfig: Applying CVar settings from Section [AntiAliasingQuality@3] File [../../../NinjaRunV4/Saved/Config/WindowsNoEditor/Scalability.ini]
[2026.03.13-18.04.29:443][  0]LogConfig: Setting CVar [[r.PostProcessAAQuality:4]]
[2026.03.13-18.04.29:443][  0]LogConfig: Applying CVar settings from Section [ShadowQuality@3] File [../../../NinjaRunV4/Saved/Config/WindowsNoEditor/Scalability.ini]
[2026.03.13-18.04.29:443][  0]LogConfig: Setting CVar [[r.LightFunctionQuality:1]]
[2026.03.13-18.04.29:443][  0]LogConfig: Setting CVar [[r.ShadowQuality:5]]
[2026.03.13-18.04.29:443][  0]LogConfig: Setting CVar [[r.Shadow.CSM.MaxCascades:10]]
[2026.03.13-18.04.29:443][  0]LogConfig: Setting CVar [[r.Shadow.MaxResolution:2048]]
[2026.03.13-18.04.29:443][  0]LogConfig: Setting CVar [[r.Shadow.MaxCSMResolution:2048]]
[2026.03.13-18.04.29:443][  0]LogConfig: Setting CVar [[r.Shadow.RadiusThreshold:0.01]]
[2026.03.13-18.04.29:443][  0]LogConfig: Setting CVar [[r.Shadow.DistanceScale:1.0]]
[2026.03.13-18.04.29:443][  0]LogConfig: Setting CVar [[r.Shadow.CSM.TransitionScale:1.0]]
[2026.03.13-18.04.29:443][  0]LogConfig: Setting CVar [[r.Shadow.PreShadowResolutionFactor:1.0]]
[2026.03.13-18.04.29:443][  0]LogConfig: Setting CVar [[r.DistanceFieldShadowing:1]]
[2026.03.13-18.04.29:443][  0]LogConfig: Setting CVar [[r.DistanceFieldAO:1]]
[2026.03.13-18.04.29:443][  0]LogConfig: Setting CVar [[r.AOQuality:2]]
[2026.03.13-18.04.29:444][  0]LogConfig: Setting CVar [[r.VolumetricFog:1]]
[2026.03.13-18.04.29:444][  0]LogConfig: Setting CVar [[r.VolumetricFog.GridPixelSize:8]]
[2026.03.13-18.04.29:444][  0]LogConfig: Setting CVar [[r.VolumetricFog.GridSizeZ:128]]
[2026.03.13-18.04.29:444][  0]LogConfig: Setting CVar [[r.VolumetricFog.HistoryMissSupersampleCount:4]]
[2026.03.13-18.04.29:444][  0]LogConfig: Setting CVar [[r.LightMaxDrawDistanceScale:1]]
[2026.03.13-18.04.29:444][  0]LogConfig: Setting CVar [[r.CapsuleShadows:1]]
[2026.03.13-18.04.29:444][  0]LogConfig: Applying CVar settings from Section [PostProcessQuality@3] File [../../../NinjaRunV4/Saved/Config/WindowsNoEditor/Scalability.ini]
[2026.03.13-18.04.29:444][  0]LogConfig: Setting CVar [[r.MotionBlurQuality:4]]
[2026.03.13-18.04.29:444][  0]LogConfig: Setting CVar [[r.AmbientOcclusionMipLevelFactor:0.4]]
[2026.03.13-18.04.29:444][  0]LogConfig: Setting CVar [[r.AmbientOcclusionMaxQuality:100]]
[2026.03.13-18.04.29:444][  0]LogConfig: Setting CVar [[r.AmbientOcclusionLevels:-1]]
[2026.03.13-18.04.29:444][  0]LogConfig: Setting CVar [[r.AmbientOcclusionRadiusScale:1.0]]
[2026.03.13-18.04.29:444][  0]LogConfig: Setting CVar [[r.DepthOfFieldQuality:2]]
[2026.03.13-18.04.29:444][  0]LogConfig: Setting CVar [[r.RenderTargetPoolMin:400]]
[2026.03.13-18.04.29:445][  0]LogConfig: Setting CVar [[r.LensFlareQuality:2]]
[2026.03.13-18.04.29:445][  0]LogConfig: Setting CVar [[r.SceneColorFringeQuality:1]]
[2026.03.13-18.04.29:445][  0]LogConfig: Setting CVar [[r.EyeAdaptationQuality:2]]
[2026.03.13-18.04.29:445][  0]LogConfig: Setting CVar [[r.BloomQuality:5]]
[2026.03.13-18.04.29:445][  0]LogConfig: Setting CVar [[r.FastBlurThreshold:100]]
[2026.03.13-18.04.29:445][  0]LogConfig: Setting CVar [[r.Upscale.Quality:3]]
[2026.03.13-18.04.29:445][  0]LogConfig: Setting CVar [[r.Tonemapper.GrainQuantization:1]]
[2026.03.13-18.04.29:445][  0]LogConfig: Setting CVar [[r.LightShaftQuality:1]]
[2026.03.13-18.04.29:445][  0]LogConfig: Setting CVar [[r.Filter.SizeScale:1]]
[2026.03.13-18.04.29:445][  0]LogConfig: Setting CVar [[r.Tonemapper.Quality:5]]
[2026.03.13-18.04.29:445][  0]LogConfig: Setting CVar [[r.DOF.Gather.AccumulatorQuality:1        ; higher gathering accumulator quality]]
[2026.03.13-18.04.29:445][  0]LogConfig: Setting CVar [[r.DOF.Gather.PostfilterMethod:1          ; Median3x3 postfilering method]]
[2026.03.13-18.04.29:445][  0]LogConfig: Setting CVar [[r.DOF.Gather.EnableBokehSettings:0       ; no bokeh simulation when gathering]]
[2026.03.13-18.04.29:445][  0]LogConfig: Setting CVar [[r.DOF.Gather.RingCount:4                 ; medium number of samples when gathering]]
[2026.03.13-18.04.29:445][  0]LogConfig: Setting CVar [[r.DOF.Scatter.ForegroundCompositing:1    ; additive foreground scattering]]
[2026.03.13-18.04.29:445][  0]LogConfig: Setting CVar [[r.DOF.Scatter.BackgroundCompositing:2    ; additive background scattering]]
[2026.03.13-18.04.29:445][  0]LogConfig: Setting CVar [[r.DOF.Scatter.EnableBokehSettings:1      ; bokeh simulation when scattering]]
[2026.03.13-18.04.29:445][  0]LogConfig: Setting CVar [[r.DOF.Scatter.MaxSpriteRatio:0.1         ; only a maximum of 10% of scattered bokeh]]
[2026.03.13-18.04.29:445][  0]LogConfig: Setting CVar [[r.DOF.Recombine.Quality:1                ; cheap slight out of focus]]
[2026.03.13-18.04.29:445][  0]LogConfig: Setting CVar [[r.DOF.Recombine.EnableBokehSettings:0    ; no bokeh simulation on slight out of focus]]
[2026.03.13-18.04.29:446][  0]LogConfig: Setting CVar [[r.DOF.TemporalAAQuality:1                ; more stable temporal accumulation]]
[2026.03.13-18.04.29:446][  0]LogConfig: Setting CVar [[r.DOF.Kernel.MaxForegroundRadius:0.025]]
[2026.03.13-18.04.29:446][  0]LogConfig: Setting CVar [[r.DOF.Kernel.MaxBackgroundRadius:0.025]]
[2026.03.13-18.04.29:446][  0]LogConfig: Applying CVar settings from Section [TextureQuality@3] File [../../../NinjaRunV4/Saved/Config/WindowsNoEditor/Scalability.ini]
[2026.03.13-18.04.29:446][  0]LogConfig: Setting CVar [[r.Streaming.MipBias:0]]
[2026.03.13-18.04.29:446][  0]LogConfig: Setting CVar [[r.Streaming.AmortizeCPUToGPUCopy:0]]
[2026.03.13-18.04.29:446][  0]LogConfig: Setting CVar [[r.Streaming.MaxNumTexturesToStreamPerFrame:0]]
[2026.03.13-18.04.29:446][  0]LogConfig: Setting CVar [[r.Streaming.Boost:1]]
[2026.03.13-18.04.29:446][  0]LogConfig: Setting CVar [[r.MaxAnisotropy:8]]
[2026.03.13-18.04.29:446][  0]LogConfig: Setting CVar [[r.VT.MaxAnisotropy:8]]
[2026.03.13-18.04.29:446][  0]LogConfig: Setting CVar [[r.Streaming.LimitPoolSizeToVRAM:0]]
[2026.03.13-18.04.29:446][  0]LogConfig: Setting CVar [[r.Streaming.PoolSize:1000]]
[2026.03.13-18.04.29:446][  0]LogConfig: Setting CVar [[r.Streaming.MaxEffectiveScreenSize:0]]
[2026.03.13-18.04.29:446][  0]LogConfig: Applying CVar settings from Section [EffectsQuality@3] File [../../../NinjaRunV4/Saved/Config/WindowsNoEditor/Scalability.ini]
[2026.03.13-18.04.29:446][  0]LogConfig: Setting CVar [[r.TranslucencyLightingVolumeDim:64]]
[2026.03.13-18.04.29:446][  0]LogConfig: Setting CVar [[r.RefractionQuality:2]]
[2026.03.13-18.04.29:446][  0]LogConfig: Setting CVar [[r.SSR.Quality:3]]
[2026.03.13-18.04.29:446][  0]LogConfig: Setting CVar [[r.SSR.HalfResSceneColor:0]]
[2026.03.13-18.04.29:446][  0]LogConfig: Setting CVar [[r.SceneColorFormat:4]]
[2026.03.13-18.04.29:446][  0]LogConfig: Setting CVar [[r.DetailMode:2]]
[2026.03.13-18.04.29:448][  0]LogConfig: Setting CVar [[r.TranslucencyVolumeBlur:1]]
[2026.03.13-18.04.29:448][  0]LogConfig: Setting CVar [[r.MaterialQualityLevel:1 ; High quality]]
[2026.03.13-18.04.29:448][  0]LogConfig: Setting CVar [[r.AnisotropicMaterials:1]]
[2026.03.13-18.04.29:448][  0]LogConfig: Setting CVar [[r.SSS.Scale:1]]
[2026.03.13-18.04.29:448][  0]LogConfig: Setting CVar [[r.SSS.SampleSet:2]]
[2026.03.13-18.04.29:448][  0]LogConfig: Setting CVar [[r.SSS.Quality:1]]
[2026.03.13-18.04.29:448][  0]LogConfig: Setting CVar [[r.SSS.HalfRes:0]]
[2026.03.13-18.04.29:448][  0]LogConfig: Setting CVar [[r.SSGI.Quality:3]]
[2026.03.13-18.04.29:448][  0]LogConfig: Setting CVar [[r.EmitterSpawnRateScale:1.0]]
[2026.03.13-18.04.29:448][  0]LogConfig: Setting CVar [[r.ParticleLightQuality:2]]
[2026.03.13-18.04.29:448][  0]LogConfig: Setting CVar [[r.SkyAtmosphere.AerialPerspectiveLUT.FastApplyOnOpaque:1 ; Always have FastSkyLUT 1 in this case to avoid wrong sky]]
[2026.03.13-18.04.29:448][  0]LogConfig: Setting CVar [[r.SkyAtmosphere.AerialPerspectiveLUT.SampleCountMaxPerSlice:4]]
[2026.03.13-18.04.29:448][  0]LogConfig: Setting CVar [[r.SkyAtmosphere.AerialPerspectiveLUT.DepthResolution:16.0]]
[2026.03.13-18.04.29:448][  0]LogConfig: Setting CVar [[r.SkyAtmosphere.FastSkyLUT:1]]
[2026.03.13-18.04.29:449][  0]LogConfig: Setting CVar [[r.SkyAtmosphere.FastSkyLUT.SampleCountMin:4.0]]
[2026.03.13-18.04.29:449][  0]LogConfig: Setting CVar [[r.SkyAtmosphere.FastSkyLUT.SampleCountMax:128.0]]
[2026.03.13-18.04.29:449][  0]LogConfig: Setting CVar [[r.SkyAtmosphere.SampleCountMin:4.0]]
[2026.03.13-18.04.29:449][  0]LogConfig: Setting CVar [[r.SkyAtmosphere.SampleCountMax:128.0]]
[2026.03.13-18.04.29:449][  0]LogConfig: Setting CVar [[r.SkyAtmosphere.TransmittanceLUT.UseSmallFormat:0]]
[2026.03.13-18.04.29:449][  0]LogConfig: Setting CVar [[r.SkyAtmosphere.TransmittanceLUT.SampleCount:10.0]]
[2026.03.13-18.04.29:449][  0]LogConfig: Setting CVar [[r.SkyAtmosphere.MultiScatteringLUT.SampleCount:15.0]]
[2026.03.13-18.04.29:449][  0]LogConfig: Setting CVar [[r.SkyLight.RealTimeReflectionCapture:1]]
[2026.03.13-18.04.29:449][  0]LogConfig: Setting CVar [[fx.Niagara.QualityLevel:3]]
[2026.03.13-18.04.29:449][  0]LogConfig: Applying CVar settings from Section [FoliageQuality@3] File [../../../NinjaRunV4/Saved/Config/WindowsNoEditor/Scalability.ini]
[2026.03.13-18.04.29:449][  0]LogConfig: Setting CVar [[foliage.DensityScale:1.0]]
[2026.03.13-18.04.29:449][  0]LogConfig: Setting CVar [[grass.DensityScale:1.0]]
[2026.03.13-18.04.29:449][  0]LogConfig: Applying CVar settings from Section [ShadingQuality@3] File [../../../NinjaRunV4/Saved/Config/WindowsNoEditor/Scalability.ini]
[2026.03.13-18.04.29:449][  0]LogConfig: Setting CVar [[r.HairStrands.SkyLighting.IntegrationType:2]]
[2026.03.13-18.04.29:449][  0]LogConfig: Setting CVar [[r.HairStrands.SkyAO.SampleCount:4]]
[2026.03.13-18.04.29:450][  0]LogConfig: Setting CVar [[r.HairStrands.Visibility.MSAA.SamplePerPixel:4]]
[2026.03.13-18.04.29:450][  0]LogConfig: Applying CVar settings from Section [Startup] File [../../../Engine/Config/ConsoleVariables.ini]
[2026.03.13-18.04.29:450][  0]LogConfig: Setting CVar [[net.UseAdaptiveNetUpdateFrequency:0]]
[2026.03.13-18.04.29:450][  0]LogConfig: Setting CVar [[p.chaos.AllowCreatePhysxBodies:1]]
[2026.03.13-18.04.29:450][  0]LogConfig: Setting CVar [[fx.SkipVectorVMBackendOptimizations:1]]
[2026.03.13-18.04.29:450][  0]LogConfig: Applying CVar settings from Section [ConsoleVariables] File [../../../NinjaRunV4/Saved/Config/WindowsNoEditor/Engine.ini]
[2026.03.13-18.04.29:450][  0]LogInit: Computer: DESKTOP-U42M5QG
[2026.03.13-18.04.29:450][  0]LogInit: User: AkayG
[2026.03.13-18.04.29:450][  0]LogInit: CPU Page size=4096, Cores=2
[2026.03.13-18.04.29:450][  0]LogInit: High frequency timer resolution =10.000000 MHz
[2026.03.13-18.04.29:450][  0]LogMemory: Memory total: Physical=7.9GB (8GB approx)
[2026.03.13-18.04.29:450][  0]LogMemory: Platform Memory Stats for WindowsNoEditor
[2026.03.13-18.04.29:450][  0]LogMemory: Process Physical Memory: 86.05 MB used, 86.05 MB peak
[2026.03.13-18.04.29:450][  0]LogMemory: Process Virtual Memory: 80.57 MB used, 80.57 MB peak
[2026.03.13-18.04.29:450][  0]LogMemory: Physical Memory: 6979.27 MB used,  1092.14 MB free, 8071.41 MB total
[2026.03.13-18.04.29:450][  0]LogMemory: Virtual Memory: 134216160.00 MB used,  1565.34 MB free, 134217728.00 MB total
[2026.03.13-18.04.29:496][  0]LogWindows: WindowsPlatformFeatures enabled
[2026.03.13-18.04.30:177][  0]LogInit: Physics initialised using underlying interface: PhysX
[2026.03.13-18.04.30:178][  0]LogInit: Using OS detected language (en-US).
[2026.03.13-18.04.30:178][  0]LogInit: Using OS detected locale (en-US).
[2026.03.13-18.04.30:180][  0]LogTextLocalizationManager: No specific localization for 'en-US' exists, so the 'en' localization will be used.
[2026.03.13-18.04.30:333][  0]LogWindowsTextInputMethodSystem: Display: IME system deactivated.
[2026.03.13-18.04.30:415][  0]LogSlate: New Slate User Created.  User Index 0, Is Virtual User: 0
[2026.03.13-18.04.30:415][  0]LogSlate: Slate User Registered.  User Index 0, Is Virtual User: 0
[2026.03.13-18.04.30:571][  0]LogD3D11RHI: Loaded GFSDK_Aftermath_Lib.x64.dll
[2026.03.13-18.04.30:608][  0]LogHMD: Failed to initialize OpenVR with code 110
[2026.03.13-18.04.30:608][  0]LogD3D11RHI: D3D11 min allowed feature level: 11_0
[2026.03.13-18.04.30:608][  0]LogD3D11RHI: D3D11 max allowed feature level: 11_0
[2026.03.13-18.04.30:609][  0]LogD3D11RHI: D3D11 adapters:
[2026.03.13-18.04.30:851][  0]LogD3D11RHI:    0. 'Intel(R) HD Graphics 520' (Feature Level 11_0)
[2026.03.13-18.04.30:851][  0]LogD3D11RHI:       128/0/4035 MB DedicatedVideo/DedicatedSystem/SharedSystem, Outputs:1, VendorId:0x8086
[2026.03.13-18.04.30:870][  0]LogD3D11RHI:    1. 'Microsoft Basic Render Driver' (Feature Level 11_0)
[2026.03.13-18.04.30:870][  0]LogD3D11RHI:       0/0/4035 MB DedicatedVideo/DedicatedSystem/SharedSystem, Outputs:0, VendorId:0x1414
[2026.03.13-18.04.30:870][  0]LogD3D11RHI: Chosen D3D11 Adapter:
[2026.03.13-18.04.30:870][  0]LogD3D11RHI:     Description : Intel(R) HD Graphics 520
[2026.03.13-18.04.30:870][  0]LogD3D11RHI:     VendorId    : 8086
[2026.03.13-18.04.30:870][  0]LogD3D11RHI:     DeviceId    : 1916
[2026.03.13-18.04.30:870][  0]LogD3D11RHI:     SubSysId    : 8079103c
[2026.03.13-18.04.30:870][  0]LogD3D11RHI:     Revision    : 0007
[2026.03.13-18.04.30:870][  0]LogD3D11RHI:     DedicatedVideoMemory : 134217728 bytes
[2026.03.13-18.04.30:870][  0]LogD3D11RHI:     DedicatedSystemMemory : 0 bytes
[2026.03.13-18.04.30:870][  0]LogD3D11RHI:     SharedSystemMemory : 4231741440 bytes
[2026.03.13-18.04.30:870][  0]LogD3D11RHI:     AdapterLuid : 0 116562
[2026.03.13-18.04.30:896][  0]LogD3D11RHI: Creating new Direct3DDevice
[2026.03.13-18.04.30:896][  0]LogD3D11RHI:     GPU DeviceId: 0x1916 (for the marketing name, search the web for "GPU Device Id")
[2026.03.13-18.04.30:896][  0]LogWindows: EnumDisplayDevices:
[2026.03.13-18.04.30:896][  0]LogWindows:    0. 'Intel(R) HD Graphics 520' (P:1 D:1)
[2026.03.13-18.04.30:897][  0]LogWindows:    1. 'Intel(R) HD Graphics 520' (P:0 D:0)
[2026.03.13-18.04.30:898][  0]LogWindows:    2. 'Intel(R) HD Graphics 520' (P:0 D:0)
[2026.03.13-18.04.30:898][  0]LogWindows: DebugString: FoundDriverCount:3 
[2026.03.13-18.04.30:898][  0]LogD3D11RHI:     Adapter Name: Intel(R) HD Graphics 520
[2026.03.13-18.04.30:898][  0]LogD3D11RHI:   Driver Version: 31.0.101.2121 (internal:31.0.101.2121, unified:31.0.101.2121)
[2026.03.13-18.04.30:898][  0]LogD3D11RHI:      Driver Date: 3-3-2023
[2026.03.13-18.04.30:898][  0]LogRHI: Texture pool is 1502 MB (70% of 2145 MB)
[2026.03.13-18.04.31:141][  0]LogD3D11RHI: Creating D3DDevice using adapter:
[2026.03.13-18.04.31:141][  0]LogD3D11RHI:     Description : Intel(R) HD Graphics 520
[2026.03.13-18.04.31:141][  0]LogD3D11RHI:     VendorId    : 8086
[2026.03.13-18.04.31:141][  0]LogD3D11RHI:     DeviceId    : 1916
[2026.03.13-18.04.31:141][  0]LogD3D11RHI:     SubSysId    : 8079103c
[2026.03.13-18.04.31:141][  0]LogD3D11RHI:     Revision    : 0007
[2026.03.13-18.04.31:142][  0]LogD3D11RHI:     DedicatedVideoMemory : 134217728 bytes
[2026.03.13-18.04.31:142][  0]LogD3D11RHI:     DedicatedSystemMemory : 0 bytes
[2026.03.13-18.04.31:142][  0]LogD3D11RHI:     SharedSystemMemory : 4231741440 bytes
[2026.03.13-18.04.31:142][  0]LogD3D11RHI:     AdapterLuid : 0 116562
[2026.03.13-18.04.31:280][  0]LogD3D11RHI: RHI does not have support for 64 bit atomics
[2026.03.13-18.04.31:305][  0]LogD3D11RHI: Intel Extensions support version Full=16777216, Major=1, Minor=0, Revision=0
[2026.03.13-18.04.31:305][  0]LogD3D11RHI: Intel Extensions support version Full=16777217, Major=1, Minor=0, Revision=1
[2026.03.13-18.04.31:306][  0]LogD3D11RHI: Intel Extensions Framework enabled
[2026.03.13-18.04.31:309][  0]LogD3D11RHI: [IntelMetricsDiscovery] Started
[2026.03.13-18.04.31:310][  0]LogD3D11RHI: Async texture creation enabled
[2026.03.13-18.04.31:310][  0]LogD3D11RHI: Array index from any shader is supported
[2026.03.13-18.04.31:383][  0]LogD3D11RHI: GPU Timing Frequency: 12.000048 (Debug: 2 0)
[2026.03.13-18.04.31:386][  0]LogRendererCore: Ray tracing is disabled. Reason: r.RayTracing=0.
[2026.03.13-18.04.31:404][  0]LogShaderLibrary: Display: Using ../../../NinjaRunV4/Content/ShaderArchive-Global-PCD3D_SM5.ushaderbytecode for material shader code. Total 1951 unique shaders.
[2026.03.13-18.04.31:405][  0]LogShaderLibrary: Display: Cooked Context: Using Shared Shader Library Global
[2026.03.13-18.04.31:405][  0]LogShaderLibrary: Display: Logical shader library 'Global' has been created, components 1
[2026.03.13-18.04.31:407][  0]LogTemp: Warning: Clearing the OS Cache
[2026.03.13-18.04.31:408][  0]LogODSC: ODSC Thread active.
[2026.03.13-18.04.31:453][  0]LogPakFile: New pak file ../../../NinjaRunV4/Content/Paks/NinjaRunV4-WindowsNoEditor.pak added to pak precacher.
[2026.03.13-18.04.31:559][  0]LogSlate: Using FreeType 2.10.0
[2026.03.13-18.04.31:565][  0]LogSlate: SlateFontServices - WITH_FREETYPE: 1, WITH_HARFBUZZ: 1
[2026.03.13-18.04.32:059][  0]LogShaderLibrary: Display: Using ../../../NinjaRunV4/Content/ShaderArchive-NinjaRunV4-PCD3D_SM5.ushaderbytecode for material shader code. Total 2603 unique shaders.
[2026.03.13-18.04.32:059][  0]LogShaderLibrary: Display: Cooked Context: Using Shared Shader Library NinjaRunV4
[2026.03.13-18.04.32:059][  0]LogShaderLibrary: Display: Logical shader library 'NinjaRunV4' has been created, components 1
[2026.03.13-18.04.32:059][  0]LogRHI: Display: Opened pipeline cache after state change and enqueued 0 of 0 tasks for precompile.
[2026.03.13-18.04.32:061][  0]LogShaderLibrary: Display: Using ../../../NinjaRunV4/Content/ShaderArchive-NinjaRunV4-PCD3D_SM5.ushaderbytecode for material shader code. Total 2603 unique shaders.
[2026.03.13-18.04.32:061][  0]LogShaderLibrary: Display: Cooked Context: Using Shared Shader Library NinjaRunV4
[2026.03.13-18.04.32:063][  0]LogRHI: Display: Opened pipeline cache after state change and enqueued 0 of 0 tasks for precompile.
[2026.03.13-18.04.32:063][  0]LogRHI: Display: Failed to open default shader pipeline cache for NinjaRunV4 using shader platform 0.
[2026.03.13-18.04.32:063][  0]LogRHI: Display: Failed to open default shader pipeline cache for NinjaRunV4 using shader platform 0.
[2026.03.13-18.04.32:063][  0]LogInit: Using OS detected language (en-US).
[2026.03.13-18.04.32:063][  0]LogInit: Using OS detected locale (en-US).
[2026.03.13-18.04.32:064][  0]LogTextLocalizationManager: No localization for 'en-US' exists, so 'en' will be used for the language.
[2026.03.13-18.04.32:064][  0]LogTextLocalizationManager: No localization for 'en-US' exists, so 'en' will be used for the locale.
[2026.03.13-18.04.32:064][  0]LogSlate: FontCache flush requested. Reason: Culture for localization was changed
[2026.03.13-18.04.32:065][  0]LogSlate: FontCache flush requested. Reason: Culture for localization was changed
[2026.03.13-18.04.32:075][  0]LogAssetRegistry: FAssetRegistry took 0.0072 seconds to start up
[2026.03.13-18.04.32:529][  0]LogTextLocalizationManager: Compacting localization data took  12.34ms
[2026.03.13-18.04.32:529][  0]LogStreaming: Display: FlushAsyncLoading: 1 QueuedPackages, 0 AsyncPackages
[2026.03.13-18.04.32:542][  0]LogPackageLocalizationCache: Processed 26 localized package path(s) for 1 prioritized culture(s) in 0.000611 seconds
[2026.03.13-18.04.32:618][  0]LogSerialization: Display: AllowBulkDataInIoStore: 'true'
[2026.03.13-18.04.32:621][  0]LogInit: Selected Device Profile: [WindowsNoEditor]
[2026.03.13-18.04.32:624][  0]LogInit: Active device profile: [000001D368BF01C0][000001D35A040010 49] WindowsNoEditor
[2026.03.13-18.04.32:624][  0]LogInit: Profiles: [000001D368BF04C0][000001D36836B6E0 49] Windows, [000001D368BF01C0][000001D35A040010 49] WindowsNoEditor, 
[2026.03.13-18.04.33:210][  0]LogNetVersion: NinjaRunV4 1.0.0, NetCL: 17155196, EngineNetVer: 17, GameNetVer: 0 (Checksum: 1029030203)
[2026.03.13-18.04.46:921][  0]LogAudioCaptureCore: Display: No Audio Capture implementations found. Audio input will be silent.
[2026.03.13-18.04.46:921][  0]LogAudioCaptureCore: Display: No Audio Capture implementations found. Audio input will be silent.
[2026.03.13-18.04.46:946][  0]LogHMD: PokeAHoleMaterial loaded successfully
[2026.03.13-18.04.47:403][  0]LogMoviePlayer: Initializing movie player
[2026.03.13-18.04.47:412][  0]LogNiagaraDebuggerClient: Niagara Debugger Client Initialized | Session: 58E4811941639A1AD8DC6E8A2883F8F7 | Instance: FD1F202C4C2DB6ECCAD12B9B1E9F978D (DESKTOP-U42M5QG-18476).
[2026.03.13-18.04.47:442][  0]LogAndroidPermission: UAndroidPermissionCallbackProxy::GetInstance
[2026.03.13-18.04.47:444][  0]LogOcInput: OculusInput pre-init called
[2026.03.13-18.04.47:469][  0]LogUObjectArray: 15774 objects as part of root set at end of initial load.
[2026.03.13-18.04.47:469][  0]LogUObjectArray: 2 objects are not in the root set, but can never be destroyed because they are in the DisregardForGC set.
[2026.03.13-18.04.47:469][  0]LogUObjectAllocator: 3198984 out of 0 bytes used by permanent object pool.
[2026.03.13-18.04.47:469][  0]LogUObjectArray: CloseDisregardForGC: 15774/15774 objects in disregard for GC pool
[2026.03.13-18.04.47:477][  0]LogEngine: Initializing Engine...
[2026.03.13-18.04.47:758][  0]LogHMD: Failed to enumerate extensions. Please check that you have a valid OpenXR runtime installed.
[2026.03.13-18.04.47:759][  0]LogHMD: Failed to initialize OpenVR with code 110
[2026.03.13-18.04.47:765][  0]LogStats: UGameplayTagsManager::InitializeManager -  0.002 s
[2026.03.13-18.04.48:465][  0]LogInit: Initializing FReadOnlyCVARCache
[2026.03.13-18.04.48:467][  0]LogAudio: Display: Initializing Audio Device Manager...
[2026.03.13-18.04.48:470][  0]LogAudio: Display: Loading Default Audio Settings Objects...
[2026.03.13-18.04.48:473][  0]LogAudio: Display: No default SoundConcurrencyObject specified (or failed to load).
[2026.03.13-18.04.48:473][  0]LogAudio: Display: Audio Device Manager Initialized
[2026.03.13-18.04.48:475][  0]LogAudio: Display: Creating Audio Device:                 Id: 1, Scope: Shared, Realtime: True
[2026.03.13-18.04.48:477][  0]LogAudioMixer: Display: Audio Mixer Platform Settings:
[2026.03.13-18.04.48:477][  0]LogAudioMixer: Display: 	Sample Rate:						  48000
[2026.03.13-18.04.48:477][  0]LogAudioMixer: Display: 	Callback Buffer Frame Size Requested: 1024
[2026.03.13-18.04.48:478][  0]LogAudioMixer: Display: 	Callback Buffer Frame Size To Use:	  1024
[2026.03.13-18.04.48:478][  0]LogAudioMixer: Display: 	Number of buffers to queue:			  2
[2026.03.13-18.04.48:478][  0]LogAudioMixer: Display: 	Max Channels (voices):				  32
[2026.03.13-18.04.48:478][  0]LogAudioMixer: Display: 	Number of Async Source Workers:		  0
[2026.03.13-18.04.48:478][  0]LogAudio: Display: AudioDevice MaxSources: 32
[2026.03.13-18.04.48:483][  0]LogAudio: Display: Audio Spatialization Plugin: None (built-in).
[2026.03.13-18.04.48:484][  0]LogAudio: Display: Audio Reverb Plugin: None (built-in).
[2026.03.13-18.04.48:484][  0]LogAudio: Display: Audio Occlusion Plugin: None (built-in).
[2026.03.13-18.04.48:484][  0]LogAudioMixer: Display: Initializing audio mixer.
[2026.03.13-18.04.48:752][  0]LogAudioDebug: Display: Lib vorbis DLL was dynamically loaded.
[2026.03.13-18.04.48:785][  0]LogAudioMixer: Display: 0: FrontLeft
[2026.03.13-18.04.48:785][  0]LogAudioMixer: Display: 1: FrontRight
[2026.03.13-18.04.48:901][  0]LogAudioMixer: Display: Using Audio Device Speakers (Conexant ISST Audio)
[2026.03.13-18.04.48:910][  0]LogAudioMixer: Display: Initializing Sound Submixes...
[2026.03.13-18.04.48:918][  0]LogAudioMixer: Display: Creating Master Submix 'MasterSubmixDefault'
[2026.03.13-18.04.48:918][  0]LogAudioMixer: Display: Creating Master Submix 'MasterReverbSubmixDefault'
[2026.03.13-18.04.48:927][  0]LogAudioMixer: Display: Creating Master Submix 'MasterEQSubmixDefault'
[2026.03.13-18.04.48:928][  0]LogAudioMixer: FMixerPlatformXAudio2::StartAudioStream() called
[2026.03.13-18.04.48:928][  0]LogAudioMixer: Display: Output buffers initialized: Frames=1024, Channels=2, Samples=2048
[2026.03.13-18.04.48:930][  0]LogAudioMixer: Display: Starting AudioMixerPlatformInterface::RunInternal()
[2026.03.13-18.04.48:930][  0]LogAudioMixer: Display: FMixerPlatformXAudio2::SubmitBuffer() called for the first time
[2026.03.13-18.04.48:930][  0]LogInit: FAudioDevice initialized.
[2026.03.13-18.04.48:938][  0]LogNetVersion: Set ProjectVersion to 1.0.0.0. Version Checksum will be recalculated on next use.
[2026.03.13-18.04.48:938][  0]LogInit: Texture streaming: Enabled
[2026.03.13-18.04.49:043][  0]LogAudio: Display: Audio Device (ID: 1) registered with world 'Untitled'.
[2026.03.13-18.04.49:055][  0]LogSlate: Updating window title bar state: overlay mode, drag disabled, window buttons hidden, title bar hidden
[2026.03.13-18.04.49:066][  0]LogInit: Display: Game Engine Initialized.
[2026.03.13-18.04.49:074][  0]LogInit: Display: Starting Game.
[2026.03.13-18.04.49:078][  0]LogNet: Browse: /Game/Source/Levels/Title?Name=Player
[2026.03.13-18.04.49:081][  0]LogLoad: LoadMap: /Game/Source/Levels/Title?Name=Player
[2026.03.13-18.04.49:082][  0]LogWorld: BeginTearingDown for /Temp/Untitled_0
[2026.03.13-18.04.49:097][  0]LogWorld: UWorld::CleanupWorld for Untitled, bSessionEnded=true, bCleanupResources=true
[2026.03.13-18.04.49:103][  0]LogSlate: InvalidateAllWidgets triggered.  All widgets were invalidated
[2026.03.13-18.04.49:148][  0]LogAudio: Display: Audio Device unregistered from world 'None'.
[2026.03.13-18.04.49:170][  0]LogUObjectHash: Compacting FUObjectHashTables data took   2.83ms
[2026.03.13-18.04.49:263][  0]LogAudio: Display: Audio Device (ID: 1) registered with world 'Title'.
[2026.03.13-18.04.49:276][  0]LogAIModule: Creating AISystem for world Title
[2026.03.13-18.04.51:241][  0]LogLoad: Game class is '2DSideScrollerGameMode_C'
[2026.03.13-18.04.51:259][  0]LogWorld: Bringing World /Game/Source/Levels/Title.Title up for play (max tick rate 0) at 2026.03.13-20.04.51
[2026.03.13-18.04.51:264][  0]LogWorld: Bringing up level for play took: 0.008507
[2026.03.13-18.04.51:278][  0]LogGameMode: FindPlayerStart: PATHS NOT DEFINED or NO PLAYERSTART with positive rating
[2026.03.13-18.04.51:370][  0]LogLoad: Took 2.289627 seconds to LoadMap(/Game/Source/Levels/Title)
[2026.03.13-18.04.51:400][  0]LogSlate: Took 0.015274 seconds to synchronously load lazily loaded font '../../../Engine/Content/EngineFonts/Faces/RobotoBold.ufont' (160K)
[2026.03.13-18.04.51:480][  0]LogSlate: Took 0.014382 seconds to synchronously load lazily loaded font '../../../Engine/Content/Slate/Fonts/Roboto-Regular.ttf' (155K)
[2026.03.13-18.04.51:512][  0]LogRenderer: Reallocating scene render targets to support 1368x768 Format 10 NumSamples 1 (Frame:1).
[2026.03.13-18.04.51:512][  0]LogRHI: Display: ShaderPipelineCache: Paused Batching. 1
[2026.03.13-18.04.51:513][  0]LogPakFile: AllPaks IndexSizes: DirectoryHashSize=378000, PathHashSize=16, EntriesSize=73728, TotalSize=451744
[2026.03.13-18.04.51:513][  0]LogRHI: Display: ShaderPipelineCache: Resumed Batching. 0
[2026.03.13-18.04.51:515][  0]LogRHI: Display: ShaderPipelineCache: Batching Resumed.
[2026.03.13-18.04.51:515][  0]LogInit: Display: Engine is initialized. Leaving FEngineLoop::Init()
[2026.03.13-18.04.51:515][  0]LogLoad: (Engine Initialization) Total time: 24.00 seconds
[2026.03.13-18.04.51:798][  0]LogContentStreaming: Texture pool size now 1000 MB
[2026.03.13-18.04.51:823][  0]LogSlate: InvalidateAllWidgets triggered.  All widgets were invalidated
[2026.03.13-18.04.52:110][  0]LogSlate: Slate font cache was flushed
[2026.03.13-18.04.52:150][  1]LogSlate: Took 0.000822 seconds to synchronously load lazily loaded font '../../../Engine/Content/Slate/Fonts/Roboto-Regular.ttf' (155K)
[2026.03.13-18.04.52:153][  1]LogSlate: Took 0.000539 seconds to synchronously load lazily loaded font '../../../Engine/Content/EngineFonts/Faces/RobotoBold.ufont' (160K)
[2026.03.13-18.04.52:230][  2]LogAudio: Display: Waited 69.974899 ms for audio thread.
[2026.03.13-18.04.52:243][  2]LogAudio: Display: Waited 82.769295 ms for audio thread.
[2026.03.13-18.04.52:668][ 17]LogAudioMixer: Display: Audio Buffer Underrun (starvation) detected.
[2026.03.13-18.05.01:562][289]LogNet: Browse: /Game/Source/Levels/Level_1_Green
[2026.03.13-18.05.01:562][289]LogLoad: LoadMap: /Game/Source/Levels/Level_1_Green
[2026.03.13-18.05.01:563][289]LogWorld: BeginTearingDown for /Game/Source/Levels/Title
[2026.03.13-18.05.01:588][289]LogWorld: UWorld::CleanupWorld for Title, bSessionEnded=true, bCleanupResources=true
[2026.03.13-18.05.01:591][289]LogSlate: InvalidateAllWidgets triggered.  All widgets were invalidated
[2026.03.13-18.05.01:628][289]LogAudio: Display: Waited 35.535297 ms for audio thread.
[2026.03.13-18.05.01:665][289]LogAudio: Display: Waited 72.493202 ms for audio thread.
[2026.03.13-18.05.01:686][289]LogAudio: Display: Waited 93.756500 ms for audio thread.
[2026.03.13-18.05.01:693][289]LogAudio: Display: Audio Device unregistered from world 'None'.
[2026.03.13-18.05.01:724][289]LogUObjectHash: Compacting FUObjectHashTables data took   4.01ms
[2026.03.13-18.05.01:735][289]LogStreaming: Display: FlushAsyncLoading: 1 QueuedPackages, 0 AsyncPackages
[2026.03.13-18.05.05:183][289]LogAudio: Display: Audio Device (ID: 1) registered with world 'Level_1_Green'.
[2026.03.13-18.05.05:185][289]LogAIModule: Creating AISystem for world Level_1_Green
[2026.03.13-18.05.05:212][289]LogLoad: Game class is '2DSideScrollerGameMode_C'
[2026.03.13-18.05.05:237][289]LogWorld: Bringing World /Game/Source/Levels/Level_1_Green.Level_1_Green up for play (max tick rate 0) at 2026.03.13-20.05.05
[2026.03.13-18.05.05:250][289]LogWorld: Bringing up level for play took: 0.035803
[2026.03.13-18.05.05:269][289]LogLoad: Took 3.705754 seconds to LoadMap(/Game/Source/Levels/Level_1_Green)
[2026.03.13-18.05.14:566][467]LogAudioMixer: Display: Audio Buffer Underrun (starvation) detected.
[2026.03.13-18.05.24:577][754]LogAudioMixer: Display: Audio Buffer Underrun (starvation) detected.
[2026.03.13-18.05.34:250][ 35]LogNet: Browse: /Game/Source/Levels/Level_1_Green
[2026.03.13-18.05.34:251][ 35]LogLoad: LoadMap: /Game/Source/Levels/Level_1_Green
[2026.03.13-18.05.34:251][ 35]LogWorld: BeginTearingDown for /Game/Source/Levels/Level_1_Green
[2026.03.13-18.05.34:257][ 35]LogWorld: UWorld::CleanupWorld for Level_1_Green, bSessionEnded=true, bCleanupResources=true
[2026.03.13-18.05.34:275][ 35]LogSlate: InvalidateAllWidgets triggered.  All widgets were invalidated
[2026.03.13-18.05.34:413][ 35]LogAudio: Display: Audio Device unregistered from world 'None'.
[2026.03.13-18.05.34:458][ 35]LogUObjectHash: Compacting FUObjectHashTables data took   2.33ms
[2026.03.13-18.05.34:543][ 35]LogStreaming: Display: FlushAsyncLoading: 1 QueuedPackages, 0 AsyncPackages
[2026.03.13-18.05.37:254][ 35]LogAudio: Display: Audio Device (ID: 1) registered with world 'Level_1_Green'.
[2026.03.13-18.05.37:256][ 35]LogAIModule: Creating AISystem for world Level_1_Green
[2026.03.13-18.05.37:270][ 35]LogLoad: Game class is '2DSideScrollerGameMode_C'
[2026.03.13-18.05.37:290][ 35]LogWorld: Bringing World /Game/Source/Levels/Level_1_Green.Level_1_Green up for play (max tick rate 0) at 2026.03.13-20.05.37
[2026.03.13-18.05.37:292][ 35]LogWorld: Bringing up level for play took: 0.020517
[2026.03.13-18.05.37:308][ 35]LogLoad: Took 3.056742 seconds to LoadMap(/Game/Source/Levels/Level_1_Green)
[2026.03.13-18.05.43:418][129]LogAudio: Display: Waited 36.730503 ms for audio thread.
[2026.03.13-18.05.43:437][129]LogAudio: Display: Waited 55.475498 ms for audio thread.
[2026.03.13-18.05.44:402][159]LogAudioMixer: Display: Audio Buffer Underrun (starvation) detected.
[2026.03.13-18.05.55:056][439]LogAudioMixer: Display: Audio Buffer Underrun (starvation) detected.
[2026.03.13-18.05.56:717][483]LogNet: Browse: /Game/Source/Levels/Level_2_Graveyard
[2026.03.13-18.05.56:717][483]LogLoad: LoadMap: /Game/Source/Levels/Level_2_Graveyard
[2026.03.13-18.05.56:717][483]LogWorld: BeginTearingDown for /Game/Source/Levels/Level_1_Green
[2026.03.13-18.05.56:718][483]LogWorld: UWorld::CleanupWorld for Level_1_Green, bSessionEnded=true, bCleanupResources=true
[2026.03.13-18.05.56:730][483]LogSlate: InvalidateAllWidgets triggered.  All widgets were invalidated
[2026.03.13-18.05.56:776][483]LogAudio: Display: Waited 44.533100 ms for audio thread.
[2026.03.13-18.05.56:843][483]LogAudio: Display: Audio Device unregistered from world 'None'.
[2026.03.13-18.05.56:858][483]LogUObjectHash: Compacting FUObjectHashTables data took   2.26ms
[2026.03.13-18.05.56:975][483]LogStreaming: Display: FlushAsyncLoading: 1 QueuedPackages, 0 AsyncPackages
[2026.03.13-18.05.59:743][483]LogAudio: Display: Audio Device (ID: 1) registered with world 'Level_2_Graveyard'.
[2026.03.13-18.05.59:746][483]LogAIModule: Creating AISystem for world Level_2_Graveyard
[2026.03.13-18.05.59:756][483]LogLoad: Game class is '2DSideScrollerGameMode_C'
[2026.03.13-18.05.59:783][483]LogWorld: Bringing World /Game/Source/Levels/Level_2_Graveyard.Level_2_Graveyard up for play (max tick rate 0) at 2026.03.13-20.05.59
[2026.03.13-18.05.59:786][483]LogWorld: Bringing up level for play took: 0.029226
[2026.03.13-18.05.59:810][483]LogLoad: Took 3.092724 seconds to LoadMap(/Game/Source/Levels/Level_2_Graveyard)
[2026.03.13-18.06.06:428][566]LogAudioMixer: Display: Audio Buffer Underrun (starvation) detected.
[2026.03.13-18.06.22:386][ 20]LogAudioMixer: Display: Audio Buffer Underrun (starvation) detected.
[2026.03.13-18.06.32:396][293]LogAudioMixer: Display: Audio Buffer Underrun (starvation) detected.
[2026.03.13-18.06.32:933][309]LogNet: Browse: /Game/Source/Levels/Level_2_Graveyard
[2026.03.13-18.06.32:933][309]LogLoad: LoadMap: /Game/Source/Levels/Level_2_Graveyard
[2026.03.13-18.06.32:933][309]LogWorld: BeginTearingDown for /Game/Source/Levels/Level_2_Graveyard
[2026.03.13-18.06.32:937][309]LogWorld: UWorld::CleanupWorld for Level_2_Graveyard, bSessionEnded=true, bCleanupResources=true
[2026.03.13-18.06.32:961][309]LogSlate: InvalidateAllWidgets triggered.  All widgets were invalidated
[2026.03.13-18.06.32:998][309]LogAudio: Display: Waited 35.110203 ms for audio thread.
[2026.03.13-18.06.33:035][309]LogAudio: Display: Waited 72.124695 ms for audio thread.
[2026.03.13-18.06.33:058][309]LogAudio: Display: Waited 95.580505 ms for audio thread.
[2026.03.13-18.06.33:088][309]LogAudio: Display: Audio Device unregistered from world 'None'.
[2026.03.13-18.06.33:137][309]LogUObjectHash: Compacting FUObjectHashTables data took   2.67ms
[2026.03.13-18.06.33:229][309]LogStreaming: Display: FlushAsyncLoading: 1 QueuedPackages, 0 AsyncPackages
[2026.03.13-18.06.36:664][309]LogAudio: Display: Audio Device (ID: 1) registered with world 'Level_2_Graveyard'.
[2026.03.13-18.06.36:665][309]LogAIModule: Creating AISystem for world Level_2_Graveyard
[2026.03.13-18.06.36:671][309]LogLoad: Game class is '2DSideScrollerGameMode_C'
[2026.03.13-18.06.36:700][309]LogWorld: Bringing World /Game/Source/Levels/Level_2_Graveyard.Level_2_Graveyard up for play (max tick rate 0) at 2026.03.13-20.06.36
[2026.03.13-18.06.36:702][309]LogWorld: Bringing up level for play took: 0.027709
[2026.03.13-18.06.36:720][309]LogLoad: Took 3.786393 seconds to LoadMap(/Game/Source/Levels/Level_2_Graveyard)
[2026.03.13-18.06.42:418][369]LogAudioMixer: Display: Audio Buffer Underrun (starvation) detected.
[2026.03.13-18.06.52:616][650]LogAudioMixer: Display: Audio Buffer Underrun (starvation) detected.
[2026.03.13-18.07.01:303][869]Closing by request
[2026.03.13-18.07.01:305][869]LogWindows: FPlatformMisc::RequestExit(0)
[2026.03.13-18.07.01:305][869]LogWindows: FPlatformMisc::RequestExitWithStatus(0, 0)
[2026.03.13-18.07.01:307][869]LogCore: Engine exit requested (reason: Win RequestExit)
[2026.03.13-18.07.01:337][870]LogCore: Engine exit requested (reason: EngineExit() was called; note: exit was already requested)
[2026.03.13-18.07.01:341][870]LogInit: Display: PreExit Game.
[2026.03.13-18.07.01:405][870]LogWorld: BeginTearingDown for /Game/Source/Levels/Level_2_Graveyard
[2026.03.13-18.07.01:413][870]LogWorld: UWorld::CleanupWorld for Level_2_Graveyard, bSessionEnded=true, bCleanupResources=true
[2026.03.13-18.07.01:436][870]LogSlate: InvalidateAllWidgets triggered.  All widgets were invalidated
[2026.03.13-18.07.01:949][870]LogAudio: Display: Beginning Audio Device Manager Shutdown (Module: AudioMixerXAudio2)...
[2026.03.13-18.07.01:950][870]LogAudio: Display: Destroying 1 Remaining Audio Device(s)...
[2026.03.13-18.07.01:950][870]LogAudio: Display: Audio Device unregistered from world 'Level_2_Graveyard'.
[2026.03.13-18.07.01:985][870]LogAudioMixer: FMixerPlatformXAudio2::StopAudioStream() called
[2026.03.13-18.07.01:987][870]LogAudioMixer: FMixerPlatformXAudio2::StopAudioStream() called
[2026.03.13-18.07.02:007][870]LogAudio: Display: Audio Device Manager Shutdown
[2026.03.13-18.07.02:007][870]LogSlate: Request Window 'NINJA RUN (by Koveka) ninja_run_akay ' being destroyed
[2026.03.13-18.07.02:017][870]LogSlate: Window 'NINJA RUN (by Koveka) ninja_run_akay ' being destroyed
[2026.03.13-18.07.02:021][870]LogWindowsTextInputMethodSystem: Display: IME system deactivated.
[2026.03.13-18.07.02:063][870]LogExit: Preparing to exit.
[2026.03.13-18.07.02:065][870]LogMoviePlayer: Shutting down movie player
[2026.03.13-18.07.02:111][870]LogSlate: Updating window title bar state: overlay mode, drag disabled, window buttons hidden, title bar hidden
[2026.03.13-18.07.07:834][870]LogDemo: Cleaned up 0 splitscreen connections with owner deletion
[2026.03.13-18.07.07:849][870]LogExit: Game engine shut down
[2026.03.13-18.07.08:053][870]LogExit: Object subsystem successfully closed.
[2026.03.13-18.07.08:136][870]LogModuleManager: Shutting down and abandoning module AutomationController (360)
[2026.03.13-18.07.08:137][870]LogModuleManager: Shutting down and abandoning module AutomationWorker (358)
[2026.03.13-18.07.08:137][870]LogModuleManager: Shutting down and abandoning module Voice (356)
[2026.03.13-18.07.08:137][870]LogModuleManager: Shutting down and abandoning module AIModule (354)
[2026.03.13-18.07.08:140][870]LogModuleManager: Shutting down and abandoning module GameplayDebugger (353)
[2026.03.13-18.07.08:140][870]LogModuleManager: Shutting down and abandoning module NavigationSystem (351)
[2026.03.13-18.07.08:140][870]LogModuleManager: Shutting down and abandoning module WebMMediaFactory (348)
[2026.03.13-18.07.08:140][870]LogModuleManager: Shutting down and abandoning module WebMMedia (346)
[2026.03.13-18.07.08:140][870]LogModuleManager: Shutting down and abandoning module OpenXRInput (344)
[2026.03.13-18.07.08:140][870]LogModuleManager: Shutting down and abandoning module OculusMR (342)
[2026.03.13-18.07.08:141][870]LogModuleManager: Shutting down and abandoning module WmfMediaFactory (340)
[2026.03.13-18.07.08:141][870]LogModuleManager: Shutting down and abandoning module OpenExrWrapper (338)
[2026.03.13-18.07.08:141][870]LogModuleManager: Shutting down and abandoning module ImgMediaFactory (336)
[2026.03.13-18.07.08:141][870]LogModuleManager: Shutting down and abandoning module AvfMediaFactory (334)
[2026.03.13-18.07.08:141][870]LogModuleManager: Shutting down and abandoning module CharacterAI (332)
[2026.03.13-18.07.08:141][870]LogModuleManager: Shutting down and abandoning module PlanarCut (330)
[2026.03.13-18.07.08:142][870]LogModuleManager: Shutting down and abandoning module SessionServices (328)
[2026.03.13-18.07.08:142][870]LogModuleManager: Shutting down and abandoning module LiveCoding (326)
[2026.03.13-18.07.08:145][870]LogModuleManager: Shutting down and abandoning module LevelSequence (324)
[2026.03.13-18.07.08:146][870]LogModuleManager: Shutting down and abandoning module MovieSceneTracks (322)
[2026.03.13-18.07.08:146][870]LogModuleManager: Shutting down and abandoning module MovieScene (320)
[2026.03.13-18.07.08:146][870]LogModuleManager: Shutting down and abandoning module StreamingPauseRendering (318)
[2026.03.13-18.07.08:146][870]LogModuleManager: Shutting down and abandoning module AudioMixerXAudio2 (316)
[2026.03.13-18.07.08:146][870]LogModuleManager: Shutting down and abandoning module AudioMixerCore (315)
[2026.03.13-18.07.08:146][870]LogModuleManager: Shutting down and abandoning module ImageWriteQueue (312)
[2026.03.13-18.07.08:147][870]LogModuleManager: Shutting down and abandoning module ProfilerService (310)
[2026.03.13-18.07.08:325][870]LogModuleManager: Shutting down and abandoning module TaskGraph (308)
[2026.03.13-18.07.08:330][870]LogModuleManager: Shutting down and abandoning module Synthesis (306)
[2026.03.13-18.07.08:330][870]LogModuleManager: Shutting down and abandoning module TakeMovieScene (304)
[2026.03.13-18.07.08:330][870]LogModuleManager: Shutting down and abandoning module LiveLinkMovieScene (302)
[2026.03.13-18.07.08:330][870]LogModuleManager: Shutting down and abandoning module LiveLinkComponents (300)
[2026.03.13-18.07.08:331][870]LogModuleManager: Shutting down and abandoning module LiveLink (298)
[2026.03.13-18.07.08:625][870]LogModuleManager: Shutting down and abandoning module OculusInput (296)
[2026.03.13-18.07.08:625][870]LogModuleManager: Shutting down and abandoning module MobilePatchingUtils (294)
[2026.03.13-18.07.08:625][870]LogModuleManager: Shutting down and abandoning module GooglePAD (292)
[2026.03.13-18.07.08:625][870]LogModuleManager: Shutting down and abandoning module CustomMeshComponent (290)
[2026.03.13-18.07.08:625][870]LogModuleManager: Shutting down and abandoning module CableComponent (288)
[2026.03.13-18.07.08:625][870]LogModuleManager: Shutting down and abandoning module AudioCapture (286)
[2026.03.13-18.07.08:625][870]LogModuleManager: Shutting down and abandoning module AudioCaptureRtAudio (285)
[2026.03.13-18.07.08:625][870]LogModuleManager: Shutting down and abandoning module AssetTags (282)
[2026.03.13-18.07.08:625][870]LogModuleManager: Shutting down and abandoning module ArchVisCharacter (280)
[2026.03.13-18.07.08:625][870]LogModuleManager: Shutting down and abandoning module AppleImageUtils (278)
[2026.03.13-18.07.08:625][870]LogModuleManager: Shutting down and abandoning module AndroidPermission (276)
[2026.03.13-18.07.08:625][870]LogModuleManager: Shutting down and abandoning module ActorLayerUtilities (274)
[2026.03.13-18.07.08:625][870]LogModuleManager: Shutting down and abandoning module MediaCompositing (272)
[2026.03.13-18.07.08:626][870]LogModuleManager: Shutting down and abandoning module ImgMedia (270)
[2026.03.13-18.07.08:626][870]LogModuleManager: Shutting down and abandoning module MagicLeapLightEstimation (268)
[2026.03.13-18.07.08:626][870]LogModuleManager: Shutting down and abandoning module MagicLeapHelperVulkan (266)
[2026.03.13-18.07.08:626][870]LogModuleManager: Shutting down and abandoning module MagicLeapHelperOpenGL (264)
[2026.03.13-18.07.08:626][870]LogModuleManager: Shutting down and abandoning module MagicLeapAudio (262)
[2026.03.13-18.07.08:626][870]LogModuleManager: Shutting down and abandoning module MagicLeapSharedWorld (260)
[2026.03.13-18.07.08:626][870]LogModuleManager: Shutting down and abandoning module OpenImageDenoise (258)
[2026.03.13-18.07.08:626][870]LogModuleManager: Shutting down and abandoning module MotoSynth (256)
[2026.03.13-18.07.08:626][870]LogModuleManager: Shutting down and abandoning module ChaosNiagara (254)
[2026.03.13-18.07.08:626][870]LogModuleManager: Shutting down and abandoning module ProceduralMeshComponent (252)
[2026.03.13-18.07.08:626][870]LogModuleManager: Shutting down and abandoning module GeometryCollectionTracks (250)
[2026.03.13-18.07.08:626][870]LogModuleManager: Shutting down and abandoning module EditableMesh (248)
[2026.03.13-18.07.08:626][870]LogModuleManager: Shutting down and abandoning module MeshConversion (246)
[2026.03.13-18.07.08:626][870]LogModuleManager: Shutting down and abandoning module DynamicMesh (244)
[2026.03.13-18.07.08:627][870]LogModuleManager: Shutting down and abandoning module GeometryAlgorithms (242)
[2026.03.13-18.07.08:627][870]LogModuleManager: Shutting down and abandoning module GeometricObjects (240)
[2026.03.13-18.07.08:627][870]LogModuleManager: Shutting down and abandoning module BackChannel (238)
[2026.03.13-18.07.08:627][870]LogModuleManager: Shutting down and abandoning module AutomationUtils (236)
[2026.03.13-18.07.08:627][870]LogModuleManager: Shutting down and abandoning module GeometryCacheTracks (234)
[2026.03.13-18.07.08:627][870]LogModuleManager: Shutting down and abandoning module GeometryCache (232)
[2026.03.13-18.07.08:627][870]LogModuleManager: Shutting down and abandoning module UObjectPlugin (230)
[2026.03.13-18.07.08:627][870]LogModuleManager: Shutting down and abandoning module OodleNetworkHandlerComponent (228)
[2026.03.13-18.07.08:627][870]LogModuleManager: Shutting down and abandoning module TemplateSequence (226)
[2026.03.13-18.07.08:627][870]LogModuleManager: Shutting down and abandoning module NinjaRunV4 (224)
[2026.03.13-18.07.08:627][870]LogModuleManager: Shutting down and abandoning module AudioSynesthesia (222)
[2026.03.13-18.07.08:627][870]LogModuleManager: Shutting down and abandoning module AudioSynesthesiaCore (220)
[2026.03.13-18.07.08:627][870]LogModuleManager: Shutting down and abandoning module SoundFields (218)
[2026.03.13-18.07.08:627][870]LogModuleManager: Shutting down and abandoning module RuntimePhysXCooking (216)
[2026.03.13-18.07.08:629][870]LogModuleManager: Shutting down and abandoning module LocationServicesBPLibrary (212)
[2026.03.13-18.07.08:629][870]LogModuleManager: Shutting down and abandoning module ActorSequence (210)
[2026.03.13-18.07.08:629][870]LogModuleManager: Shutting down and abandoning module UdpMessaging (208)
[2026.03.13-18.07.08:630][870]LogModuleManager: Shutting down and abandoning module TcpMessaging (206)
[2026.03.13-18.07.08:631][870]LogModuleManager: Shutting down and abandoning module ImgMediaEngine (204)
[2026.03.13-18.07.08:631][870]LogModuleManager: Shutting down and abandoning module MagicLeapHandMeshing (202)
[2026.03.13-18.07.08:631][870]LogModuleManager: Shutting down and abandoning module MagicLeapSecureStorage (200)
[2026.03.13-18.07.08:631][870]LogModuleManager: Shutting down and abandoning module MagicLeapPrivileges (198)
[2026.03.13-18.07.08:631][870]LogModuleManager: Shutting down and abandoning module MagicLeapPlanes (196)
[2026.03.13-18.07.08:631][870]LogModuleManager: Shutting down and abandoning module MagicLeapImageTracker (194)
[2026.03.13-18.07.08:631][870]LogModuleManager: Shutting down and abandoning module MagicLeapIdentity (192)
[2026.03.13-18.07.08:631][870]LogModuleManager: Shutting down and abandoning module MagicLeapHandTracking (190)
[2026.03.13-18.07.08:631][870]LogModuleManager: Shutting down and abandoning module MagicLeapEyeTracker (188)
[2026.03.13-18.07.08:631][870]LogModuleManager: Shutting down and abandoning module MagicLeapController (186)
[2026.03.13-18.07.08:631][870]LogModuleManager: Shutting down and abandoning module MagicLeapARPinImpl (184)
[2026.03.13-18.07.08:632][870]LogModuleManager: Shutting down and abandoning module MagicLeapAR (182)
[2026.03.13-18.07.08:632][870]LogModuleManager: Shutting down and abandoning module MagicLeapARPin (180)
[2026.03.13-18.07.08:632][870]LogModuleManager: Shutting down and abandoning module NiagaraAnimNotifies (178)
[2026.03.13-18.07.08:632][870]LogModuleManager: Shutting down and abandoning module Niagara (176)
[2026.03.13-18.07.08:632][870]LogModuleManager: Shutting down and abandoning module SignalProcessing (175)
[2026.03.13-18.07.08:632][870]LogModuleManager: Shutting down and abandoning module NiagaraCore (172)
[2026.03.13-18.07.08:633][870]LogModuleManager: Shutting down and abandoning module FacialAnimation (170)
[2026.03.13-18.07.08:633][870]LogModuleManager: Shutting down and abandoning module SignificanceManager (168)
[2026.03.13-18.07.08:633][870]LogModuleManager: Shutting down and abandoning module AnimationSharing (166)
[2026.03.13-18.07.08:633][870]LogModuleManager: Shutting down and abandoning module GameplayCameras (164)
[2026.03.13-18.07.08:633][870]LogModuleManager: Shutting down and abandoning module LightPropagationVolumeRuntime (162)
[2026.03.13-18.07.08:633][870]LogModuleManager: Shutting down and abandoning module Paper2D (160)
[2026.03.13-18.07.08:633][870]LogModuleManager: Shutting down and abandoning module WindowsMoviePlayer (158)
[2026.03.13-18.07.08:634][870]LogModuleManager: Shutting down and abandoning module WebMMoviePlayer (156)
[2026.03.13-18.07.08:634][870]LogModuleManager: Shutting down and abandoning module NetworkReplayStreaming (154)
[2026.03.13-18.07.08:634][870]LogModuleManager: Shutting down and abandoning module PacketHandler (152)
[2026.03.13-18.07.08:634][870]LogModuleManager: Shutting down and abandoning module ClothingSystemRuntimeNv (150)
[2026.03.13-18.07.08:635][870]LogModuleManager: Shutting down and abandoning module MediaAssets (148)
[2026.03.13-18.07.08:635][870]LogModuleManager: Shutting down and abandoning module Overlay (146)
[2026.03.13-18.07.08:635][870]LogModuleManager: Shutting down and abandoning module FunctionalTesting (144)
[2026.03.13-18.07.08:635][870]LogModuleManager: Shutting down and abandoning module MessageLog (142)
[2026.03.13-18.07.08:638][870]LogModuleManager: Shutting down and abandoning module UMG (140)
[2026.03.13-18.07.08:638][870]LogModuleManager: Shutting down and abandoning module SlateReflector (138)
[2026.03.13-18.07.08:643][870]LogModuleManager: Shutting down and abandoning module Slate (136)
[2026.03.13-18.07.08:643][870]LogModuleManager: Shutting down and abandoning module SlateCore (134)
[2026.03.13-18.07.08:645][870]LogModuleManager: Shutting down and abandoning module MRMesh (132)
[2026.03.13-18.07.08:645][870]LogModuleManager: Shutting down and abandoning module Messaging (130)
[2026.03.13-18.07.08:645][870]LogModuleManager: Shutting down and abandoning module HeadMountedDisplay (128)
[2026.03.13-18.07.08:646][870]LogModuleManager: Shutting down and abandoning module XAudio2 (126)
[2026.03.13-18.07.08:646][870]LogModuleManager: Shutting down and abandoning module Networking (124)
[2026.03.13-18.07.08:646][870]LogModuleManager: Shutting down and abandoning module Core (122)
[2026.03.13-18.07.08:646][870]LogModuleManager: Shutting down and abandoning module FieldSystemEngine (120)
[2026.03.13-18.07.08:646][870]LogModuleManager: Shutting down and abandoning module ImageWrapper (116)
[2026.03.13-18.07.08:646][870]LogModuleManager: Shutting down and abandoning module D3D11RHI (114)
[2026.03.13-18.07.08:646][870]LogModuleManager: Shutting down and abandoning module InputCore (112)
[2026.03.13-18.07.08:646][870]LogModuleManager: Shutting down and abandoning module Settings (110)
[2026.03.13-18.07.08:646][870]LogModuleManager: Shutting down and abandoning module PhysXCooking (108)
[2026.03.13-18.07.08:646][870]LogModuleManager: Shutting down and abandoning module Chaos (106)
[2026.03.13-18.07.08:646][870]LogModuleManager: Shutting down and abandoning module WindowsPlatformFeatures (104)
[2026.03.13-18.07.08:647][870]LogModuleManager: Shutting down and abandoning module GameplayMediaEncoder (103)
[2026.03.13-18.07.08:647][870]LogModuleManager: Shutting down and abandoning module AVEncoder (102)
[2026.03.13-18.07.08:647][870]LogModuleManager: Shutting down and abandoning module SteamVRInputDevice (98)
[2026.03.13-18.07.08:647][870]LogModuleManager: Shutting down and abandoning module SteamVRInput (96)
[2026.03.13-18.07.08:647][870]LogModuleManager: Shutting down and abandoning module SteamVR (94)
[2026.03.13-18.07.08:647][870]LogHMD: Freeing OpenVRDLLHandle.
[2026.03.13-18.07.08:647][870]LogModuleManager: Shutting down and abandoning module OpenXRHandTracking (92)
[2026.03.13-18.07.08:648][870]LogSlate: Slate User Destroyed.  User Index 0, Is Virtual User: 0
[2026.03.13-18.07.08:648][870]LogModuleManager: Shutting down and abandoning module OpenXRAR (90)
[2026.03.13-18.07.08:648][870]LogModuleManager: Shutting down and abandoning module AugmentedReality (89)
[2026.03.13-18.07.08:648][870]LogModuleManager: Shutting down and abandoning module OpenXRHMD (86)
[2026.03.13-18.07.08:649][870]LogModuleManager: Shutting down and abandoning module OpenXREyeTracker (84)
[2026.03.13-18.07.08:649][870]LogModuleManager: Shutting down and abandoning module OculusHMD (82)
[2026.03.13-18.07.08:649][870]LogModuleManager: Shutting down and abandoning module ExampleDeviceProfileSelector (80)
[2026.03.13-18.07.08:649][870]LogModuleManager: Shutting down and abandoning module ChunkDownloader (78)
[2026.03.13-18.07.08:649][870]LogModuleManager: Shutting down and abandoning module LauncherChunkInstaller (76)
[2026.03.13-18.07.08:649][870]LogModuleManager: Shutting down and abandoning module OnlineSubsystem (72)
[2026.03.13-18.07.08:652][870]LogModuleManager: Shutting down and abandoning module HTTP (67)
[2026.03.13-18.07.08:652][870]LogHttp: Display: cleaning up 0 outstanding Http requests.
[2026.03.13-18.07.08:680][870]LogModuleManager: Shutting down and abandoning module SSL (66)
[2026.03.13-18.07.08:681][870]LogModuleManager: Shutting down and abandoning module WmfMedia (62)
[2026.03.13-18.07.08:685][870]LogModuleManager: Shutting down and abandoning module Media (61)
[2026.03.13-18.07.08:685][870]LogModuleManager: Shutting down and abandoning module MediaInfo (60)
[2026.03.13-18.07.08:685][870]LogModuleManager: Shutting down and abandoning module ExrReaderGpu (56)
[2026.03.13-18.07.08:685][870]LogModuleManager: Shutting down and abandoning module MLSDK (54)
[2026.03.13-18.07.08:685][870]LogModuleManager: Shutting down and abandoning module MagicLeap (52)
[2026.03.13-18.07.08:685][870]LogModuleManager: Shutting down and abandoning module NiagaraVertexFactories (50)
[2026.03.13-18.07.08:686][870]LogModuleManager: Shutting down and abandoning module NiagaraShader (48)
[2026.03.13-18.07.08:686][870]LogModuleManager: Shutting down and abandoning module ChaosCloth (46)
[2026.03.13-18.07.08:686][870]LogModuleManager: Shutting down and abandoning module VariantManagerContent (44)
[2026.03.13-18.07.08:686][870]LogModuleManager: Shutting down and abandoning module DatasmithContent (42)
[2026.03.13-18.07.08:686][870]LogModuleManager: Shutting down and abandoning module PixWinPlugin (40)
[2026.03.13-18.07.08:687][870]LogModuleManager: Shutting down and abandoning module AISupportModule (38)
[2026.03.13-18.07.08:687][870]LogModuleManager: Shutting down and abandoning module PlatformCryptoOpenSSL (36)
[2026.03.13-18.07.08:687][870]LogModuleManager: Shutting down and abandoning module PlatformCryptoTypes (34)
[2026.03.13-18.07.08:687][870]LogModuleManager: Shutting down and abandoning module PlatformCrypto (32)
[2026.03.13-18.07.08:687][870]LogModuleManager: Shutting down and abandoning module PythonScriptPluginPreload (30)
[2026.03.13-18.07.08:687][870]LogModuleManager: Shutting down and abandoning module OodleDataCompressionFormat (28)
[2026.03.13-18.07.08:689][870]LogModuleManager: Shutting down and abandoning module RenderCore (26)
[2026.03.13-18.07.08:689][870]LogModuleManager: Shutting down and abandoning module Landscape (24)
[2026.03.13-18.07.08:689][870]LogModuleManager: Shutting down and abandoning module SlateRHIRenderer (22)
[2026.03.13-18.07.08:691][870]LogModuleManager: Shutting down and abandoning module AnimGraphRuntime (20)
[2026.03.13-18.07.08:691][870]LogModuleManager: Shutting down and abandoning module Renderer (18)
[2026.03.13-18.07.08:691][870]LogModuleManager: Shutting down and abandoning module Engine (16)
[2026.03.13-18.07.08:692][870]LogModuleManager: Shutting down and abandoning module CoreUObject (14)
[2026.03.13-18.07.08:692][870]LogModuleManager: Shutting down and abandoning module NetworkFile (12)
[2026.03.13-18.07.08:692][870]LogModuleManager: Shutting down and abandoning module CookedIterativeFile (10)
[2026.03.13-18.07.08:692][870]LogModuleManager: Shutting down and abandoning module StreamingFile (8)
[2026.03.13-18.07.08:692][870]LogModuleManager: Shutting down and abandoning module SandboxFile (6)
[2026.03.13-18.07.08:693][870]LogModuleManager: Shutting down and abandoning module PakFile (4)
[2026.03.13-18.07.08:695][870]LogModuleManager: Shutting down and abandoning module RSA (3)
[2026.03.13-18.07.08:695][870]LogContentStreaming: Display: There are 1 unreleased StreamingManagers
[2026.03.13-18.07.19:737][870]LogD3D11RHI: Shutdown
[2026.03.13-18.07.19:737][870]LogD3D11RHI: CleanupD3DDevice
[2026.03.13-18.07.20:532][870]LogD3D11RHI: Intel Extensions Framework unloaded
[2026.03.13-18.07.20:586][870]LogD3D11RHI: [IntelMetricsDiscovery] Stopped
[2026.03.13-18.07.20:592][870]LogExit: Exiting.
[2026.03.13-18.07.20:610][870]Log file closed, 03/13/26 20:07:20
